Log file open, 06/13/18 19:11:22
LogWindows: Failed to load 'aqProf.dll' (GetLastError=126)
LogWindows: File 'aqProf.dll' does not exist
LogWindows: Failed to load 'VtuneApi.dll' (GetLastError=126)
LogWindows: File 'VtuneApi.dll' does not exist
LogWindows: Failed to load 'VtuneApi32e.dll' (GetLastError=126)
LogWindows: File 'VtuneApi32e.dll' does not exist
LogInit: Display: Running engine for game: FirstFPS
LogPlatformFile: Not using cached read wrapper
LogInit: Display: RandInit(-2053737385) SRandInit(-2053737385).
LogInit: Read version file with build ID '3944462'
LogInit: Overriding engine version to CL 4033788, compatible CL 3944462
LogInit: Registered custom module enumerator with build ID '3944462'
LogTaskGraph: Started task graph with 5 named threads and 35 total threads with 3 sets of task threads.
LogStats: Stats thread started at 0.382262
LogD3D11RHI: Aftermath initialized
LogICUInternationalization: Display: ICU TimeZone Detection - Raw Offset: +1:00, Platform Override: ''
LogModuleManager: Display: Found up-to-date module file ../../../Engine/Plugins/2D/Paper2D/Binaries/Win64/UE4Editor-Paper2D.dll (API version 3944462).
LogModuleManager: Display: Found up-to-date module file ../../../Engine/Plugins/2D/Paper2D/Binaries/Win64/UE4Editor-Paper2DEditor.dll (API version 3944462).
LogModuleManager: Display: Found up-to-date module file ../../../Engine/Plugins/2D/Paper2D/Binaries/Win64/UE4Editor-PaperSpriteSheetImporter.dll (API version 3944462).
LogModuleManager: Display: Found up-to-date module file ../../../Engine/Plugins/2D/Paper2D/Binaries/Win64/UE4Editor-PaperTiledImporter.dll (API version 3944462).
LogModuleManager: Display: Found up-to-date module file ../../../Engine/Plugins/2D/Paper2D/Binaries/Win64/UE4Editor-SmartSnapping.dll (API version 3944462).
LogModuleManager: Display: Found up-to-date module file ../../../Engine/Plugins/Blendables/LightPropagationVolume/Binaries/Win64/UE4Editor-LightPropagationVolumeRuntime.dll (API version 3944462).
LogModuleManager: Display: Found up-to-date module file ../../../Engine/Plugins/Blendables/LightPropagationVolume/Binaries/Win64/UE4Editor-LightPropagationVolumeEditor.dll (API version 3944462).
LogModuleManager: Display: Found up-to-date module file ../../../Engine/Plugins/Developer/CLionSourceCodeAccess/Binaries/Win64/UE4Editor-CLionSourceCodeAccess.dll (API version 3944462).
LogModuleManager: Display: Found up-to-date module file ../../../Engine/Plugins/Developer/GitSourceControl/Binaries/Win64/UE4Editor-GitSourceControl.dll (API version 3944462).
LogModuleManager: Display: Found up-to-date module file ../../../Engine/Plugins/Developer/PerforceSourceControl/Binaries/Win64/UE4Editor-PerforceSourceControl.dll (API version 3944462).
LogModuleManager: Display: Found up-to-date module file ../../../Engine/Plugins/Developer/SubversionSourceControl/Binaries/Win64/UE4Editor-SubversionSourceControl.dll (API version 3944462).
LogModuleManager: Display: Found up-to-date module file ../../../Engine/Plugins/Developer/UObjectPlugin/Binaries/Win64/UE4Editor-UObjectPlugin.dll (API version 3944462).
LogModuleManager: Display: Found up-to-date module file ../../../Engine/Plugins/Developer/VisualStudioCodeSourceCodeAccess/Binaries/Win64/UE4Editor-VisualStudioCodeSourceCodeAccess.dll (API version 3944462).
LogModuleManager: Display: Found up-to-date module file ../../../Engine/Plugins/Developer/VisualStudioSourceCodeAccess/Binaries/Win64/UE4Editor-VisualStudioSourceCodeAccess.dll (API version 3944462).
LogModuleManager: Display: Found up-to-date module file ../../../Engine/Plugins/Editor/AssetManagerEditor/Binaries/Win64/UE4Editor-AssetManagerEditor.dll (API version 3944462).
LogModuleManager: Display: Found up-to-date module file ../../../Engine/Plugins/Editor/CryptoKeys/Binaries/Win64/UE4Editor-CryptoKeys.dll (API version 3944462).
LogModuleManager: Display: Found up-to-date module file ../../../Engine/Plugins/Editor/CryptoKeys/Binaries/Win64/UE4Editor-CryptoKeysOpenSSL.dll (API version 3944462).
LogModuleManager: Display: Found up-to-date module file ../../../Engine/Plugins/Editor/DataValidation/Binaries/Win64/UE4Editor-DataValidation.dll (API version 3944462).
LogModuleManager: Display: Found up-to-date module file ../../../Engine/Plugins/Editor/FacialAnimation/Binaries/Win64/UE4Editor-FacialAnimation.dll (API version 3944462).
LogModuleManager: Display: Found up-to-date module file ../../../Engine/Plugins/Editor/FacialAnimation/Binaries/Win64/UE4Editor-FacialAnimationEditor.dll (API version 3944462).
LogModuleManager: Display: Found up-to-date module file ../../../Engine/Plugins/Editor/GameplayTagsEditor/Binaries/Win64/UE4Editor-GameplayTagsEditor.dll (API version 3944462).
LogModuleManager: Display: Found up-to-date module file ../../../Engine/Plugins/Editor/MobileLauncherProfileWizard/Binaries/Win64/UE4Editor-MobileLauncherProfileWizard.dll (API version 3944462).
LogModuleManager: Display: Found up-to-date module file ../../../Engine/Plugins/Editor/PluginBrowser/Binaries/Win64/UE4Editor-PluginBrowser.dll (API version 3944462).
LogModuleManager: Display: Found up-to-date module file ../../../Engine/Plugins/Editor/SpeedTreeImporter/Binaries/Win64/UE4Editor-SpeedTreeImporter.dll (API version 3944462).
LogModuleManager: Display: Found up-to-date module file ../../../Engine/Plugins/Enterprise/DatasmithContent/Binaries/Win64/UE4Editor-DatasmithContent.dll (API version 3944462).
LogModuleManager: Display: Found up-to-date module file ../../../Engine/Plugins/Experimental/AlembicImporter/Binaries/Win64/UE4Editor-AlembicImporter.dll (API version 3944462).
LogModuleManager: Display: Found up-to-date module file ../../../Engine/Plugins/Experimental/AlembicImporter/Binaries/Win64/UE4Editor-AlembicLibrary.dll (API version 3944462).
LogModuleManager: Display: Found up-to-date module file ../../../Engine/Plugins/Experimental/CharacterAI/Binaries/Win64/UE4Editor-CharacterAI.dll (API version 3944462).
LogModuleManager: Display: Found up-to-date module file ../../../Engine/Plugins/Experimental/HTML5Networking/Binaries/Win64/UE4Editor-HTML5Networking.dll (API version 3944462).
LogModuleManager: Display: Found up-to-date module file ../../../Engine/Plugins/Media/AndroidMedia/Binaries/Win64/UE4Editor-AndroidMediaEditor.dll (API version 3944462).
LogModuleManager: Display: Found up-to-date module file ../../../Engine/Plugins/Media/AndroidMedia/Binaries/Win64/UE4Editor-AndroidMediaFactory.dll (API version 3944462).
LogModuleManager: Display: Found up-to-date module file ../../../Engine/Plugins/Media/AvfMedia/Binaries/Win64/UE4Editor-AvfMediaEditor.dll (API version 3944462).
LogModuleManager: Display: Found up-to-date module file ../../../Engine/Plugins/Media/AvfMedia/Binaries/Win64/UE4Editor-AvfMediaFactory.dll (API version 3944462).
LogModuleManager: Display: Found up-to-date module file ../../../Engine/Plugins/Media/AvfMedia/Binaries/Win64/UE4Editor-AvfMediaFactory.dll (API version 3944462).
LogModuleManager: Display: Found up-to-date module file ../../../Engine/Plugins/Media/ImgMedia/Binaries/Win64/UE4Editor-ImgMedia.dll (API version 3944462).
LogModuleManager: Display: Found up-to-date module file ../../../Engine/Plugins/Media/ImgMedia/Binaries/Win64/UE4Editor-ImgMediaEditor.dll (API version 3944462).
LogModuleManager: Display: Found up-to-date module file ../../../Engine/Plugins/Media/ImgMedia/Binaries/Win64/UE4Editor-ImgMediaFactory.dll (API version 3944462).
LogModuleManager: Display: Found up-to-date module file ../../../Engine/Plugins/Media/ImgMedia/Binaries/Win64/UE4Editor-ImgMediaFactory.dll (API version 3944462).
LogModuleManager: Display: Found up-to-date module file ../../../Engine/Plugins/Media/ImgMedia/Binaries/Win64/UE4Editor-OpenExrWrapper.dll (API version 3944462).
LogModuleManager: Display: Found up-to-date module file ../../../Engine/Plugins/Media/LinearTimecode/Binaries/Win64/UE4Editor-LinearTimecode.dll (API version 3944462).
LogModuleManager: Display: Found up-to-date module file ../../../Engine/Plugins/Media/MediaCompositing/Binaries/Win64/UE4Editor-MediaCompositing.dll (API version 3944462).
LogModuleManager: Display: Found up-to-date module file ../../../Engine/Plugins/Media/MediaCompositing/Binaries/Win64/UE4Editor-MediaCompositingEditor.dll (API version 3944462).
LogModuleManager: Display: Found up-to-date module file ../../../Engine/Plugins/Media/MediaPlayerEditor/Binaries/Win64/UE4Editor-MediaPlayerEditor.dll (API version 3944462).
LogModuleManager: Display: Found up-to-date module file ../../../Engine/Plugins/Media/WmfMedia/Binaries/Win64/UE4Editor-WmfMedia.dll (API version 3944462).
LogModuleManager: Display: Found up-to-date module file ../../../Engine/Plugins/Media/WmfMedia/Binaries/Win64/UE4Editor-WmfMediaEditor.dll (API version 3944462).
LogModuleManager: Display: Found up-to-date module file ../../../Engine/Plugins/Media/WmfMedia/Binaries/Win64/UE4Editor-WmfMediaFactory.dll (API version 3944462).
LogModuleManager: Display: Found up-to-date module file ../../../Engine/Plugins/Media/WmfMedia/Binaries/Win64/UE4Editor-WmfMediaFactory.dll (API version 3944462).
LogModuleManager: Display: Found up-to-date module file ../../../Engine/Plugins/Messaging/TcpMessaging/Binaries/Win64/UE4Editor-TcpMessaging.dll (API version 3944462).
LogModuleManager: Display: Found up-to-date module file ../../../Engine/Plugins/Messaging/UdpMessaging/Binaries/Win64/UE4Editor-UdpMessaging.dll (API version 3944462).
LogModuleManager: Display: Found up-to-date module file ../../../Engine/Plugins/MovieScene/ActorSequence/Binaries/Win64/UE4Editor-ActorSequence.dll (API version 3944462).
LogModuleManager: Display: Found up-to-date module file ../../../Engine/Plugins/MovieScene/LevelSequenceEditor/Binaries/Win64/UE4Editor-LevelSequenceEditor.dll (API version 3944462).
LogModuleManager: Display: Found up-to-date module file ../../../Engine/Plugins/MovieScene/MatineeToLevelSequence/Binaries/Win64/UE4Editor-MatineeToLevelSequence.dll (API version 3944462).
LogModuleManager: Display: Found up-to-date module file ../../../Engine/Plugins/NetcodeUnitTest/NetcodeUnitTest/Binaries/Win64/UE4Editor-NetcodeUnitTest.dll (API version 3944462).
LogModuleManager: Display: Found up-to-date module file ../../../Engine/Plugins/NetcodeUnitTest/NUTUnrealEngine4/Binaries/Win64/UE4Editor-NUTUnrealEngine4.dll (API version 3944462).
LogModuleManager: Display: Found up-to-date module file ../../../Engine/Plugins/Online/OnlineSubsystem/Binaries/Win64/UE4Editor-OnlineSubsystem.dll (API version 3944462).
LogModuleManager: Display: Found up-to-date module file ../../../Engine/Plugins/Runtime/AndroidPermission/Binaries/Win64/UE4Editor-AndroidPermission.dll (API version 3944462).
LogModuleManager: Display: Found up-to-date module file ../../../Engine/Plugins/Online/OnlineSubsystemNull/Binaries/Win64/UE4Editor-OnlineSubsystemNull.dll (API version 3944462).
LogModuleManager: Display: Found up-to-date module file ../../../Engine/Plugins/Online/OnlineSubsystemUtils/Binaries/Win64/UE4Editor-OnlineSubsystemUtils.dll (API version 3944462).
LogModuleManager: Display: Found up-to-date module file ../../../Engine/Plugins/Online/OnlineSubsystemUtils/Binaries/Win64/UE4Editor-OnlineBlueprintSupport.dll (API version 3944462).
LogModuleManager: Display: Found up-to-date module file ../../../Engine/Plugins/Runtime/AndroidDeviceProfileSelector/Binaries/Win64/UE4Editor-AndroidDeviceProfileSelector.dll (API version 3944462).
LogModuleManager: Display: Found up-to-date module file ../../../Engine/Plugins/Runtime/AppleARKit/Binaries/Win64/UE4Editor-AppleARKit.dll (API version 3944462).
LogModuleManager: Display: Found up-to-date module file ../../../Engine/Plugins/Runtime/ProceduralMeshComponent/Binaries/Win64/UE4Editor-ProceduralMeshComponent.dll (API version 3944462).
LogModuleManager: Display: Found up-to-date module file ../../../Engine/Plugins/Runtime/ProceduralMeshComponent/Binaries/Win64/UE4Editor-ProceduralMeshComponentEditor.dll (API version 3944462).
LogModuleManager: Display: Found up-to-date module file ../../../Engine/Plugins/Animation/LiveLink/Binaries/Win64/UE4Editor-LiveLink.dll (API version 3944462).
LogModuleManager: Display: Found up-to-date module file ../../../Engine/Plugins/Animation/LiveLink/Binaries/Win64/UE4Editor-LiveLinkEditor.dll (API version 3944462).
LogModuleManager: Display: Found up-to-date module file ../../../Engine/Plugins/Runtime/ArchVisCharacter/Binaries/Win64/UE4Editor-ArchVisCharacter.dll (API version 3944462).
LogModuleManager: Display: Found up-to-date module file ../../../Engine/Plugins/Runtime/AudioCapture/Binaries/Win64/UE4Editor-AudioCapture.dll (API version 3944462).
LogModuleManager: Display: Found up-to-date module file ../../../Engine/Plugins/Runtime/AudioCapture/Binaries/Win64/UE4Editor-AudioCaptureEditor.dll (API version 3944462).
LogModuleManager: Display: Found up-to-date module file ../../../Engine/Plugins/Runtime/CableComponent/Binaries/Win64/UE4Editor-CableComponent.dll (API version 3944462).
LogModuleManager: Display: Found up-to-date module file ../../../Engine/Plugins/Runtime/CustomMeshComponent/Binaries/Win64/UE4Editor-CustomMeshComponent.dll (API version 3944462).
LogModuleManager: Display: Found up-to-date module file ../../../Engine/Plugins/Runtime/ExampleDeviceProfileSelector/Binaries/Win64/UE4Editor-ExampleDeviceProfileSelector.dll (API version 3944462).
LogModuleManager: Display: Found up-to-date module file ../../../Engine/Plugins/Runtime/ImmediatePhysics/Binaries/Win64/UE4Editor-ImmediatePhysics.dll (API version 3944462).
LogModuleManager: Display: Found up-to-date module file ../../../Engine/Plugins/Runtime/ImmediatePhysics/Binaries/Win64/UE4Editor-ImmediatePhysicsEditor.dll (API version 3944462).
LogModuleManager: Display: Found up-to-date module file ../../../Engine/Plugins/Runtime/LocationServicesBPLibrary/Binaries/Win64/UE4Editor-LocationServicesBPLibrary.dll (API version 3944462).
LogModuleManager: Display: Found up-to-date module file ../../../Engine/Plugins/Runtime/MobilePatchingUtils/Binaries/Win64/UE4Editor-MobilePatchingUtils.dll (API version 3944462).
LogModuleManager: Display: Found up-to-date module file ../../../Engine/Plugins/Runtime/Oculus/OculusVR/Binaries/Win64/UE4Editor-OculusHMD.dll (API version 3944462).
LogModuleManager: Display: Found up-to-date module file ../../../Engine/Plugins/Runtime/Oculus/OculusVR/Binaries/Win64/UE4Editor-OculusInput.dll (API version 3944462).
LogModuleManager: Display: Found up-to-date module file ../../../Engine/Plugins/Runtime/Oculus/OculusVR/Binaries/Win64/UE4Editor-OculusEditor.dll (API version 3944462).
LogModuleManager: Display: Found up-to-date module file ../../../Engine/Plugins/Runtime/PhysXVehicles/Binaries/Win64/UE4Editor-PhysXVehicles.dll (API version 3944462).
LogModuleManager: Display: Found up-to-date module file ../../../Engine/Plugins/Runtime/PhysXVehicles/Binaries/Win64/UE4Editor-PhysXVehiclesEditor.dll (API version 3944462).
LogModuleManager: Display: Found up-to-date module file ../../../Engine/Plugins/Runtime/RuntimePhysXCooking/Binaries/Win64/UE4Editor-RuntimePhysXCooking.dll (API version 3944462).
LogModuleManager: Display: Found up-to-date module file ../../../Engine/Plugins/Runtime/Steam/SteamVR/Binaries/Win64/UE4Editor-SteamVR.dll (API version 3944462).
LogModuleManager: Display: Found up-to-date module file ../../../Engine/Plugins/Runtime/Steam/SteamVR/Binaries/Win64/UE4Editor-SteamVRController.dll (API version 3944462).
LogModuleManager: Display: Found up-to-date module file ../../../Engine/Plugins/Runtime/WindowsMoviePlayer/Binaries/Win64/UE4Editor-WindowsMoviePlayer.dll (API version 3944462).
LogPluginManager: Mounting plugin Paper2D
LogPluginManager: Mounting plugin LiveLink
LogPluginManager: Mounting plugin LightPropagationVolume
LogPluginManager: Mounting plugin CLionSourceCodeAccess
LogPluginManager: Mounting plugin CodeLiteSourceCodeAccess
LogPluginManager: Mounting plugin GitSourceControl
LogPluginManager: Mounting plugin KDevelopSourceCodeAccess
LogPluginManager: Mounting plugin NullSourceCodeAccess
LogPluginManager: Mounting plugin PerforceSourceControl
LogPluginManager: Mounting plugin SubversionSourceControl
LogPluginManager: Mounting plugin UObjectPlugin
LogPluginManager: Mounting plugin VisualStudioCodeSourceCodeAccess
LogPluginManager: Mounting plugin VisualStudioSourceCodeAccess
LogPluginManager: Mounting plugin XCodeSourceCodeAccess
LogPluginManager: Mounting plugin AssetManagerEditor
LogPluginManager: Mounting plugin CryptoKeys
LogPluginManager: Mounting plugin DataValidation
LogPluginManager: Mounting plugin FacialAnimation
LogPluginManager: Mounting plugin GameplayTagsEditor
LogPluginManager: Mounting plugin MobileLauncherProfileWizard
LogPluginManager: Mounting plugin PluginBrowser
LogPluginManager: Mounting plugin SpeedTreeImporter
LogPluginManager: Mounting plugin DatasmithContent
LogPluginManager: Mounting plugin AlembicImporter
LogPluginManager: Mounting plugin CharacterAI
LogPluginManager: Mounting plugin HTML5Networking
LogPluginManager: Mounting plugin AndroidMedia
LogPluginManager: Mounting plugin AvfMedia
LogPluginManager: Mounting plugin ImgMedia
LogPluginManager: Mounting plugin LinearTimecode
LogPluginManager: Mounting plugin MediaCompositing
LogPluginManager: Mounting plugin MediaPlayerEditor
LogPluginManager: Mounting plugin WmfMedia
LogPluginManager: Mounting plugin TcpMessaging
LogPluginManager: Mounting plugin UdpMessaging
LogPluginManager: Mounting plugin ActorSequence
LogPluginManager: Mounting plugin LevelSequenceEditor
LogPluginManager: Mounting plugin MatineeToLevelSequence
LogPluginManager: Mounting plugin NetcodeUnitTest
LogPluginManager: Mounting plugin NUTUnrealEngine4
LogPluginManager: Mounting plugin OnlineSubsystemGooglePlay
LogPluginManager: Mounting plugin OnlineSubsystemIOS
LogPluginManager: Mounting plugin OnlineSubsystem
LogPluginManager: Mounting plugin OnlineSubsystemNull
LogPluginManager: Mounting plugin OnlineSubsystemUtils
LogPluginManager: Mounting plugin AndroidDeviceProfileSelector
LogPluginManager: Mounting plugin AndroidMoviePlayer
LogPluginManager: Mounting plugin AndroidPermission
LogPluginManager: Mounting plugin AppleARKit
LogPluginManager: Mounting plugin AppleMoviePlayer
LogPluginManager: Mounting plugin ArchVisCharacter
LogPluginManager: Mounting plugin AudioCapture
LogPluginManager: Mounting plugin CableComponent
LogPluginManager: Mounting plugin CustomMeshComponent
LogPluginManager: Mounting plugin ExampleDeviceProfileSelector
LogPluginManager: Mounting plugin GoogleCloudMessaging
LogPluginManager: Mounting plugin ImmediatePhysics
LogPluginManager: Mounting plugin IOSDeviceProfileSelector
LogPluginManager: Mounting plugin LinuxDeviceProfileSelector
LogPluginManager: Mounting plugin LocationServicesBPLibrary
LogPluginManager: Mounting plugin MobilePatchingUtils
LogPluginManager: Mounting plugin OculusVR
LogPluginManager: Plugin shader directory ../../../Engine/Plugins/Runtime/Oculus/OculusVR/Shaders found
LogPluginManager: Mapping shader source directory ../../../Engine/Plugins/Runtime/Oculus/OculusVR/Shaders to virtual directory /Plugin/OculusVR
LogPluginManager: Mounting plugin PhysXVehicles
LogPluginManager: Mounting plugin ProceduralMeshComponent
LogPluginManager: Mounting plugin RuntimePhysXCooking
LogPluginManager: Mounting plugin SteamVR
LogPluginManager: Mounting plugin WindowsMoviePlayer
LogStreaming: Display: Took  0.529s to configure plugins.
LogInit: Using libcurl 7.47.1
LogInit:  - built for x86_64-pc-win32
LogInit:  - supports SSL with OpenSSL/1.0.2g
LogInit:  - supports HTTP deflate (compression) using libz 1.2.8
LogInit:  - other features:
LogInit:      CURL_VERSION_SSL
LogInit:      CURL_VERSION_LIBZ
LogInit:      CURL_VERSION_IPV6
LogInit:      CURL_VERSION_ASYNCHDNS
LogInit:      CURL_VERSION_LARGEFILE
LogInit:      CURL_VERSION_IDN
LogInit:  CurlRequestOptions (configurable via config and command line):
LogInit:  - bVerifyPeer = false  - Libcurl will NOT verify peer certificate
LogInit:  - bUseHttpProxy = false  - Libcurl will NOT use HTTP proxy
LogInit:  - bDontReuseConnections = false  - Libcurl will reuse connections
LogInit:  - CertBundlePath = nullptr  - Libcurl will use whatever was configured at build time.
LogInit:  - MaxHostConnections = 16  - Libcurl will limit the number of connections to a host
LogInit:  - LocalHostAddr = Default
LogInit: WinSock: version 1.1 (2.2), MaxSocks=32767, MaxUdp=65467
LogInit: WinSock: I am DESKTOP-8CSNSRA (192.168.178.48:0)
LogInit: Build: ++UE4+Release-4.19-CL-4033788
LogInit: Engine Version: 4.19.2-4033788+++UE4+Release-4.19
LogInit: Compatible Engine Version: 4.19.0-3944462+++UE4+Release-4.19
LogInit: Net CL: 3944462
LogDevObjectVersion: Number of dev versions registered: 18
LogDevObjectVersion:   Dev-Blueprints (B0D832E4-1F89-4F0D-ACCF-7EB736FD4AA2): 10
LogDevObjectVersion:   Dev-Build (E1C64328-A22C-4D53-A36C-8E866417BD8C): 0
LogDevObjectVersion:   Dev-Core (375EC13C-06E4-48FB-B500-84F0262A717E): 2
LogDevObjectVersion:   Dev-Editor (E4B068ED-F494-42E9-A231-DA0B2E46BB41): 23
LogDevObjectVersion:   Dev-Framework (CFFC743F-43B0-4480-9391-14DF171D2073): 33
LogDevObjectVersion:   Dev-Mobile (B02B49B5-BB20-44E9-A304-32B752E40360): 2
LogDevObjectVersion:   Dev-Networking (A4E4105C-59A1-49B5-A7C5-40C4547EDFEE): 0
LogDevObjectVersion:   Dev-Online (39C831C9-5AE6-47DC-9A44-9C173E1C8E7C): 0
LogDevObjectVersion:   Dev-Physics (78F01B33-EBEA-4F98-B9B4-84EACCB95AA2): 0
LogDevObjectVersion:   Dev-Platform (6631380F-2D4D-43E0-8009-CF276956A95A): 0
LogDevObjectVersion:   Dev-Rendering (12F88B9F-8875-4AFC-A67C-D90C383ABD29): 25
LogDevObjectVersion:   Dev-Sequencer (7B5AE74C-D270-4C10-A958-57980B212A5A): 6
LogDevObjectVersion:   Dev-VR (D7296918-1DD6-4BDD-9DE2-64A83CC13884): 1
LogDevObjectVersion:   Dev-LoadTimes (C2A15278-BFE7-4AFE-6C17-90FF531DF755): 1
LogDevObjectVersion:   Private-Geometry (6EACA3D4-40EC-4CC1-B786-8BED09428FC5): 2
LogDevObjectVersion:   Dev-AnimPhys (29E575DD-E0A3-4627-9D10-D276232CDCEA): 16
LogDevObjectVersion:   Dev-ReflectionCapture (6B266CEC-1EC7-4B8F-A30B-E4D90942FC07): 1
LogDevObjectVersion:   Dev-Automation (0DF73D61-A23F-47EA-B727-89E90C41499A): 1
LogInit: Compiled (64-bit): Apr 27 2018 02:06:57
LogInit: Compiled with Visual C++: 19.00.24215.01
LogInit: Build Configuration: Development
LogInit: Branch Name: ++UE4+Release-4.19
LogInit: Command Line:  
LogInit: Base Directory: A:/Epic Games/UE_4.19/Engine/Binaries/Win64/
LogInit: Installed Engine Build: 1
LogStreaming: Display: Took  0.000s to delete old logs.
LogInit: Presizing for max 8388607 objects, including 0 objects not considered by GC, pre-allocating 0 bytes for permanent pool.
LogInit: Object subsystem initialized
[2018.06.13-17.11.23:121][  0]LogInit: Selected Device Profile: [Windows]
[2018.06.13-17.11.23:121][  0]LogInit: Applying CVar settings loaded from the selected device profile: [Windows]
[2018.06.13-17.11.23:131][  0]LogInit: Computer: DESKTOP-8CSNSRA
[2018.06.13-17.11.23:131][  0]LogInit: User: deads
[2018.06.13-17.11.23:131][  0]LogInit: CPU Page size=4096, Cores=6
[2018.06.13-17.11.23:131][  0]LogInit: High frequency timer resolution =3.609377 MHz
[2018.06.13-17.11.23:131][  0]LogMemory: Memory total: Physical=31.9GB (32GB approx)
[2018.06.13-17.11.23:131][  0]LogMemory: Platform Memory Stats for Windows
[2018.06.13-17.11.23:131][  0]LogMemory: Process Physical Memory: 274.38 MB used, 274.38 MB peak
[2018.06.13-17.11.23:131][  0]LogMemory: Process Virtual Memory: 271.48 MB used, 271.48 MB peak
[2018.06.13-17.11.23:131][  0]LogMemory: Physical Memory: 8307.33 MB used,  24406.29 MB free, 32713.62 MB total
[2018.06.13-17.11.23:131][  0]LogMemory: Virtual Memory: 4814.83 MB used,  24406.29 MB free, 134217728.00 MB total
[2018.06.13-17.11.23:145][  0]LogInit: Using OS detected language (de-DE).
[2018.06.13-17.11.23:145][  0]LogInit: Using OS detected locale (de-DE).
[2018.06.13-17.11.23:147][  0]LogTextLocalizationManager: No localization for 'de-DE' exists, so 'en' will be used for the language.
[2018.06.13-17.11.23:485][  0]LogStreaming: Display: Took  0.341s to EndInitTextLocalization.
[2018.06.13-17.11.23:485][  0]LogInit: Setting process to per monitor DPI aware
[2018.06.13-17.11.23:522][  0]LogSlate: New Slate User Created.  User Index 0, Is Virtual User: 0
[2018.06.13-17.11.23:522][  0]LogSlate: Slate User Registered.  User Index 0, Is Virtual User: 0
[2018.06.13-17.11.23:660][  0]LogD3D11RHI: D3D11 adapters:
[2018.06.13-17.11.23:735][  0]LogD3D11RHI:    0. 'NVIDIA GeForce GTX 1080 Ti' (Feature Level 11_0)
[2018.06.13-17.11.23:735][  0]LogD3D11RHI:       11025/0/16356 MB DedicatedVideo/DedicatedSystem/SharedSystem, Outputs:2, VendorId:0x10de
[2018.06.13-17.11.23:737][  0]LogD3D11RHI:    1. 'Microsoft Basic Render Driver' (Feature Level 11_0)
[2018.06.13-17.11.23:737][  0]LogD3D11RHI:       0/0/16356 MB DedicatedVideo/DedicatedSystem/SharedSystem, Outputs:0, VendorId:0x1414
[2018.06.13-17.11.23:737][  0]LogD3D11RHI: Chosen D3D11 Adapter: 0
[2018.06.13-17.11.23:744][  0]LogD3D11RHI: Creating new Direct3DDevice
[2018.06.13-17.11.23:744][  0]LogD3D11RHI:     GPU DeviceId: 0x1b06 (for the marketing name, search the web for "GPU Device Id")
[2018.06.13-17.11.23:744][  0]LogWindows: EnumDisplayDevices:
[2018.06.13-17.11.23:744][  0]LogWindows:    0. 'NVIDIA GeForce GTX 1080 Ti' (P:1 D:1)
[2018.06.13-17.11.23:744][  0]LogWindows:    1. 'NVIDIA GeForce GTX 1080 Ti' (P:0 D:1)
[2018.06.13-17.11.23:744][  0]LogWindows:    2. 'NVIDIA GeForce GTX 1080 Ti' (P:0 D:0)
[2018.06.13-17.11.23:744][  0]LogWindows:    3. 'NVIDIA GeForce GTX 1080 Ti' (P:0 D:0)
[2018.06.13-17.11.23:745][  0]LogWindows: DebugString: GetVideoDriverDetailsInvalid PrimaryIsNotTheChoosenAdapter GetVideoDriverDetailsInvalid PrimaryIsNotTheChoosenAdapter GetVideoDriverDetailsInvalid PrimaryIsNotTheChoosenAdapter GetVideoDriverDetailsInvalid PrimaryIsNotTheChoosenAdapter FoundDriverCount:0 
[2018.06.13-17.11.23:745][  0]LogD3D11RHI:     Adapter Name: NVIDIA GeForce GTX 1080 Ti
[2018.06.13-17.11.23:745][  0]LogD3D11RHI:   Driver Version: Unknown (internal:Unknown, unified:Unknown)
[2018.06.13-17.11.23:745][  0]LogD3D11RHI:      Driver Date: Unknown
[2018.06.13-17.11.23:745][  0]LogRHI: Texture pool is 7717 MB (70% of 11025 MB)
[2018.06.13-17.11.23:788][  0]LogD3D11RHI: [Aftermath] Aftermath enabled and primed
[2018.06.13-17.11.23:788][  0]LogD3D11RHI: [Aftermath] Aftermath enabled and primed
[2018.06.13-17.11.23:788][  0]LogD3D11RHI: Async texture creation enabled
[2018.06.13-17.11.23:819][  0]LogD3D11RHI: GPU Timing Frequency: 1000.000000 (Debug: 2 2)
[2018.06.13-17.11.23:909][  0]LogShaderCompilers: Guid format shader working directory is -13 characters bigger than the processId version (C:/Users/deads/OneDrive/Dokumente/Unreal Projects/FirstFPS/Intermediate/Shaders/WorkingDirectory/10356/).
[2018.06.13-17.11.23:909][  0]LogShaderCompilers: Cleaned the shader compiler working directory 'C:/Users/deads/AppData/Local/Temp/UnrealShaderWorkingDir/12E296504C55331667C29A9FC42E9FDF/'.
[2018.06.13-17.11.24:056][  0]LogTemp: Display: Loaded TP AllDesktopTargetPlatform
[2018.06.13-17.11.24:066][  0]LogTemp: Display: Loaded TP MacClientTargetPlatform
[2018.06.13-17.11.24:075][  0]LogTemp: Display: Loaded TP MacNoEditorTargetPlatform
[2018.06.13-17.11.24:087][  0]LogTemp: Display: Loaded TP MacServerTargetPlatform
[2018.06.13-17.11.24:097][  0]LogTemp: Display: Loaded TP MacTargetPlatform
[2018.06.13-17.11.24:106][  0]LogTemp: Display: Loaded TP WindowsClientTargetPlatform
[2018.06.13-17.11.24:115][  0]LogTemp: Display: Loaded TP WindowsNoEditorTargetPlatform
[2018.06.13-17.11.24:125][  0]LogTemp: Display: Loaded TP WindowsServerTargetPlatform
[2018.06.13-17.11.24:129][  0]LogTemp: Display: Loaded TP WindowsTargetPlatform
[2018.06.13-17.11.24:138][  0]LogTemp: Display: Loaded TP Android_ASTCTargetPlatform
[2018.06.13-17.11.24:146][  0]LogTemp: Display: Loaded TP Android_ATCTargetPlatform
[2018.06.13-17.11.24:155][  0]LogTemp: Display: Loaded TP Android_DXTTargetPlatform
[2018.06.13-17.11.24:164][  0]LogTemp: Display: Loaded TP Android_ETC1aTargetPlatform
[2018.06.13-17.11.24:173][  0]LogTemp: Display: Loaded TP Android_ETC1TargetPlatform
[2018.06.13-17.11.24:181][  0]LogTemp: Display: Loaded TP Android_ETC2TargetPlatform
[2018.06.13-17.11.24:201][  0]LogTemp: Display: Loaded TP Android_MultiTargetPlatform
[2018.06.13-17.11.24:201][  0]LogTemp: Display: Loaded TP Android_PVRTCTargetPlatform
[2018.06.13-17.11.24:210][  0]LogTemp: Display: Loaded TP AndroidTargetPlatform
[2018.06.13-17.11.24:210][  0]LogTemp: Display: Loaded TP HTML5TargetPlatform
[2018.06.13-17.11.24:243][  0]LogTemp: Display: Loaded TP IOSTargetPlatform
[2018.06.13-17.11.24:251][  0]LogTemp: Display: Loaded TP TVOSTargetPlatform
[2018.06.13-17.11.24:260][  0]LogTemp: Display: Loaded TP LinuxClientTargetPlatform
[2018.06.13-17.11.24:269][  0]LogTemp: Display: Loaded TP LinuxNoEditorTargetPlatform
[2018.06.13-17.11.24:278][  0]LogTemp: Display: Loaded TP LinuxServerTargetPlatform
[2018.06.13-17.11.24:292][  0]LogTemp: Display: Loaded TP LinuxTargetPlatform
[2018.06.13-17.11.24:292][  0]LogTargetPlatformManager: Display: Building Assets For Windows
[2018.06.13-17.11.24:347][  0]LogXGEController: Cleaning working directory: C:/Users/deads/AppData/Local/Temp/UnrealXGEWorkingDir/
[2018.06.13-17.11.24:347][  0]LogXGEController: Cannot use XGE Controller as Incredibuild is not installed on this machine.
[2018.06.13-17.11.24:347][  0]LogShaderCompilers: Cannot use XGE Shader Compiler as Incredibuild is not installed on this machine.
[2018.06.13-17.11.24:347][  0]LogShaderCompilers: Display: Using Local Shader Compiler.
[2018.06.13-17.11.24:819][  0]LogDerivedDataCache: Display: Max Cache Size: 512 MB
[2018.06.13-17.11.24:884][  0]LogDerivedDataCache: Loaded boot cache 0.07s 74MB C:/Users/deads/AppData/Local/UnrealEngine/4.19/DerivedDataCache/Boot.ddc.
[2018.06.13-17.11.24:884][  0]LogDerivedDataCache: Display: Loaded Boot cache: C:/Users/deads/AppData/Local/UnrealEngine/4.19/DerivedDataCache/Boot.ddc
[2018.06.13-17.11.24:884][  0]LogDerivedDataCache: FDerivedDataBackendGraph:  Pak pak cache file C:/Users/deads/OneDrive/Dokumente/Unreal Projects/FirstFPS/DerivedDataCache/DDC.ddp not found, will not use a pak cache.
[2018.06.13-17.11.24:884][  0]LogDerivedDataCache: Unable to find inner node Pak for hierarchical cache Hierarchy.
[2018.06.13-17.11.24:884][  0]LogDerivedDataCache: FDerivedDataBackendGraph:  CompressedPak pak cache file C:/Users/deads/OneDrive/Dokumente/Unreal Projects/FirstFPS/DerivedDataCache/Compressed.ddp not found, will not use a pak cache.
[2018.06.13-17.11.24:884][  0]LogDerivedDataCache: Unable to find inner node CompressedPak for hierarchical cache Hierarchy.
[2018.06.13-17.11.24:900][  0]LogDerivedDataCache: Display: Pak cache opened for reading ../../../Engine/DerivedDataCache/Compressed.ddp.
[2018.06.13-17.11.24:912][  0]LogDerivedDataCache: Using Local data cache path C:/Users/deads/AppData/Local/UnrealEngine/Common/DerivedDataCache: Writable
[2018.06.13-17.11.24:912][  0]LogDerivedDataCache: Shared data cache path not found in *engine.ini, will not use an Shared cache.
[2018.06.13-17.11.24:912][  0]LogDerivedDataCache: Unable to find inner node Shared for hierarchical cache Hierarchy.
[2018.06.13-17.11.24:920][  0]LogMaterial: Verifying Global Shaders for PCD3D_SM5
[2018.06.13-17.11.24:921][  0]LogSlate: Using Freetype 2.6.0
[2018.06.13-17.11.24:921][  0]LogSlate: SlateFontCache - WITH_FREETYPE: 1, WITH_HARFBUZZ: 1
[2018.06.13-17.11.24:921][  0]LogSlate: SlateFontCache - WITH_FREETYPE: 1, WITH_HARFBUZZ: 1
[2018.06.13-17.11.25:005][  0]LogAssetRegistry: FAssetRegistry took 0.0255 seconds to start up
[2018.06.13-17.11.25:234][  0]LogInit: Selected Device Profile: [Windows]
[2018.06.13-17.11.25:336][  0]LogSimplygon: Simplygon DLL not present - disabling.
[2018.06.13-17.11.25:337][  0]LogMeshReduction: Using SimplygonSwarm for distributed automatic mesh merging
[2018.06.13-17.11.25:337][  0]LogMeshReduction: Using QuadricMeshReduction for automatic static mesh reduction
[2018.06.13-17.11.25:337][  0]LogMeshReduction: No automatic skeletal mesh reduction module available
[2018.06.13-17.11.25:337][  0]LogMeshReduction: No automatic mesh merging module available
[2018.06.13-17.11.25:337][  0]LogMeshMerging: No automatic mesh merging module available
[2018.06.13-17.11.25:367][  0]LogNetVersion: FirstFPS , NetCL: 3944462, EngineNetVer: 2, GameNetVer: 0 (Checksum: 2294250528)
[2018.06.13-17.11.25:673][  0]LogPackageLocalizationCache: Processed 9 localized package path(s) for 1 prioritized culture(s) in 0.036477 seconds
[2018.06.13-17.11.25:678][  0]LogUObjectArray: 36728 objects as part of root set at end of initial load.
[2018.06.13-17.11.25:678][  0]LogUObjectAllocator: 7314312 out of 0 bytes used by permanent object pool.
[2018.06.13-17.11.25:678][  0]LogUObjectArray: CloseDisregardForGC: 0/0 objects in disregard for GC pool
[2018.06.13-17.11.26:809][  0]LogTcpMessaging: Initializing TcpMessaging bridge
[2018.06.13-17.11.26:830][  0]LogUdpMessaging: Initializing bridge on interface 0.0.0.0:0 to multicast group 230.0.0.1:6666.
[2018.06.13-17.11.27:040][  0]SourceControl: Source control is disabled
[2018.06.13-17.11.27:040][  0]SourceControl: Source control is disabled
[2018.06.13-17.11.27:051][  0]SourceControl: Source control is disabled
[2018.06.13-17.11.27:059][  0]SourceControl: Source control is disabled
[2018.06.13-17.11.27:354][  0]LogAndroidPermission: UAndroidPermissionCallbackProxy::GetInstance
[2018.06.13-17.11.27:568][  0]LogOcInput: OculusInput pre-init called
[2018.06.13-17.11.27:635][  0]LogEngine: Initializing Engine...
[2018.06.13-17.11.27:655][  0]LogHMD: Failed to initialize OpenVR with code 126
[2018.06.13-17.11.27:657][  0]LogStats: UGameplayTagsManager::ConstructGameplayTagTree: Construct from data asset -  0.000 s
[2018.06.13-17.11.27:657][  0]LogStats: UGameplayTagsManager::ConstructGameplayTagTree: GameplayTagTreeChangedEvent.Broadcast -  0.000 s
[2018.06.13-17.11.27:831][  0]LogAIModule: Creating AISystem for world Untitled
[2018.06.13-17.11.27:876][  0]LogInit: XAudio2 using 'Kopfhörer (Astro A50 Game)' : 6 channels at 48 kHz using 16 bits per sample (channel mask 0x60f)
[2018.06.13-17.11.27:895][  0]LogInit: FAudioDevice initialized.
[2018.06.13-17.11.27:942][  0]LogDerivedDataCache: Saved boot cache 0.05s 74MB C:/Users/deads/AppData/Local/UnrealEngine/4.19/DerivedDataCache/Boot.ddc.
[2018.06.13-17.11.27:953][  0]LogInit: Texture streaming: Enabled
[2018.06.13-17.11.27:962][  0]LogEngineSessionManager: EngineSessionManager initialized
[2018.06.13-17.11.27:975][  0]LogInit: Transaction tracking system initialized
[2018.06.13-17.11.27:988][  0]BlueprintLog: New page: Editor Load
[2018.06.13-17.11.28:036][  0]LocalizationService: Localization service is disabled
[2018.06.13-17.11.28:102][  0]LogConsoleResponse: Display: 
[2018.06.13-17.11.28:218][  0]LogCook: Display: Max memory allowance for cook 16384mb min free memory 0mb
[2018.06.13-17.11.28:218][  0]LogCook: Display: Mobile HDR setting 1
[2018.06.13-17.11.28:218][  0]LogGameplayTags: Display: UGameplayTagsManager::DoneAddingNativeTags. DelegateIsBound: 0
[2018.06.13-17.11.28:218][  0]LogStats: UGameplayTagsManager::ConstructGameplayTagTree: Construct from data asset -  0.000 s
[2018.06.13-17.11.28:218][  0]LogStats: UGameplayTagsManager::ConstructGameplayTagTree: GameplayTagTreeChangedEvent.Broadcast -  0.000 s
[2018.06.13-17.11.28:245][  0]LogFileCache: Scanning file cache for directory 'C:/Users/deads/OneDrive/Dokumente/Unreal Projects/FirstFPS/Content/' took 0.01s
[2018.06.13-17.11.28:416][  0]SourceControl: Source control is disabled
[2018.06.13-17.11.28:417][  0]Cmd: MAP LOAD FILE="C:/Users/deads/OneDrive/Dokumente/Unreal Projects/FirstFPS/Content/ThirdPersonBP/Maps/ThirdPersonExampleMap.umap" TEMPLATE=0 SHOWPROGRESS=1 FEATURELEVEL=3
[2018.06.13-17.11.28:417][  0]LightingResults: New page: Lighting Build
[2018.06.13-17.11.28:418][  0]MapCheck: New page: Map Check
[2018.06.13-17.11.28:418][  0]LightingResults: New page: Lighting Build
[2018.06.13-17.11.28:445][  0]LogUObjectGlobals: Created PersistentFrame Addr=0x000001eb9c559760, Size=72, Default__SWAT_AnimBP_C Function /Game/ThirdPersonBP/Blueprints/Character/SWAT_AnimBP.SWAT_AnimBP_C:ExecuteUbergraph_SWAT_AnimBP
[2018.06.13-17.11.28:449][  0]LogUObjectGlobals: Destroyed PersistentFrame Addr=0x000001eb9c559760, Size=72
[2018.06.13-17.11.28:449][  0]LogUObjectGlobals: Created PersistentFrame Addr=0x000001eb9bfafbf0, Size=72, Default__SWAT_AnimBP_C Function /Engine/Transient.REINST_SWAT_AnimBP_C_0:ExecuteUbergraph_SWAT_AnimBP
[2018.06.13-17.11.28:452][  0]LogUObjectGlobals: Created PersistentFrame Addr=0x000001eb9bf76890, Size=72, Default__SWAT_AnimBP_C Function /Game/ThirdPersonBP/Blueprints/Character/SWAT_AnimBP.SWAT_AnimBP_C:ExecuteUbergraph_SWAT_AnimBP
[2018.06.13-17.11.28:479][  0]LogUObjectGlobals: Created PersistentFrame Addr=0x000001eb9c90ef48, Size=4, Default__DamageEffect_C Function /Game/ThirdPersonBP/Blueprints/DamageEffect.DamageEffect_C:ExecuteUbergraph_DamageEffect
[2018.06.13-17.11.28:481][  0]LogUObjectGlobals: Destroyed PersistentFrame Addr=0x000001eb9c90ef48, Size=4
[2018.06.13-17.11.28:481][  0]LogUObjectGlobals: Created PersistentFrame Addr=0x000001eb9c90ef48, Size=4, Default__DamageEffect_C Function /Engine/Transient.REINST_DamageEffect_C_0:ExecuteUbergraph_DamageEffect
[2018.06.13-17.11.28:482][  0]LogUObjectGlobals: Created PersistentFrame Addr=0x000001eb9c90ee28, Size=4, Default__DamageEffect_C Function /Game/ThirdPersonBP/Blueprints/DamageEffect.DamageEffect_C:ExecuteUbergraph_DamageEffect
[2018.06.13-17.11.28:484][  0]LogUObjectGlobals: Created PersistentFrame Addr=0x000001eb9cce0280, Size=368, Default__ThirdPersonCharacter_C Function /Game/ThirdPersonBP/Blueprints/ThirdPersonCharacter.ThirdPersonCharacter_C:ExecuteUbergraph_ThirdPersonCharacter
[2018.06.13-17.11.28:495][  0]LogUObjectGlobals: Destroyed PersistentFrame Addr=0x000001eb9cce0280, Size=368
[2018.06.13-17.11.28:495][  0]LogUObjectGlobals: Created PersistentFrame Addr=0x000001eb9ca95900, Size=368, Default__ThirdPersonCharacter_C Function /Engine/Transient.REINST_ThirdPersonCharacter_C_5:ExecuteUbergraph_ThirdPersonCharacter
[2018.06.13-17.11.28:502][  0]LogUObjectGlobals: Created PersistentFrame Addr=0x000001ebfaffc280, Size=368, Default__ThirdPersonCharacter_C Function /Game/ThirdPersonBP/Blueprints/ThirdPersonCharacter.ThirdPersonCharacter_C:ExecuteUbergraph_ThirdPersonCharacter
[2018.06.13-17.11.28:568][  0]LogUObjectGlobals: Created PersistentFrame Addr=0x000001eba206e3e0, Size=72, Default__PainVolume_C Function /Game/ThirdPersonBP/Blueprints/PainVolume.PainVolume_C:ExecuteUbergraph_PainVolume
[2018.06.13-17.11.28:569][  0]LogUObjectGlobals: Destroyed PersistentFrame Addr=0x000001eba206e3e0, Size=72
[2018.06.13-17.11.28:570][  0]LogUObjectGlobals: Created PersistentFrame Addr=0x000001eba206da80, Size=72, Default__PainVolume_C Function /Engine/Transient.REINST_PainVolume_C_12:ExecuteUbergraph_PainVolume
[2018.06.13-17.11.28:571][  0]LogUObjectGlobals: Created PersistentFrame Addr=0x000001eba206c6d0, Size=72, Default__PainVolume_C Function /Game/ThirdPersonBP/Blueprints/PainVolume.PainVolume_C:ExecuteUbergraph_PainVolume
[2018.06.13-17.11.28:628][  0]LogSkeletalMesh: Skeletal Mesh found in DDC [0.818978ms] /Game/ThirdPersonBP/Blueprints/Weapons/AK-47/AK.AK
[2018.06.13-17.11.28:656][  0]LogSkeletalMesh: Skeletal Mesh found in DDC [1.686718ms] /Game/ThirdPersonBP/Blueprints/Character/Swat.Swat
[2018.06.13-17.11.28:726][  0]LogAIModule: Creating AISystem for world ThirdPersonExampleMap
[2018.06.13-17.11.28:734][  0]LogEditorServer: Finished looking for orphan Actors (0.000 secs)
[2018.06.13-17.11.28:746][  0]LogUObjectGlobals: Destroyed PersistentFrame Addr=0x000001eb9bfafbf0, Size=72
[2018.06.13-17.11.28:746][  0]LogUObjectGlobals: Destroyed PersistentFrame Addr=0x000001eb9c90ef48, Size=4
[2018.06.13-17.11.28:747][  0]LogUObjectGlobals: Destroyed PersistentFrame Addr=0x000001eb9ca95900, Size=368
[2018.06.13-17.11.28:747][  0]LogUObjectGlobals: Destroyed PersistentFrame Addr=0x000001eba206da80, Size=72
[2018.06.13-17.11.28:747][  0]Cmd: MAP CHECKDEP NOCLEARLOG
[2018.06.13-17.11.28:781][  0]MapCheck: Map check complete: 0 Error(s), 0 Warning(s), took 33,367ms to complete.
[2018.06.13-17.11.28:781][  0]LogFileHelpers: Loading map 'ThirdPersonExampleMap' took 0.365
[2018.06.13-17.11.28:919][  0]LogCollectionManager: Loaded 0 collections in 0.000707 seconds
[2018.06.13-17.11.28:966][  0]LogFileCache: Scanning file cache for directory 'C:/Users/deads/OneDrive/Dokumente/Unreal Projects/FirstFPS/Saved/Collections/' took 0.01s
[2018.06.13-17.11.28:966][  0]LogFileCache: Scanning file cache for directory 'C:/Users/deads/OneDrive/Dokumente/Unreal Projects/FirstFPS/Content/Developers/deads/Collections/' took 0.01s
[2018.06.13-17.11.28:966][  0]LogFileCache: Scanning file cache for directory 'C:/Users/deads/OneDrive/Dokumente/Unreal Projects/FirstFPS/Content/Collections/' took 0.01s
[2018.06.13-17.11.28:966][  0]LogCollectionManager: Rebuilt the GUID cache for 0 collections in 0.000001 seconds
[2018.06.13-17.11.28:973][  0]LogContentBrowser: Native class hierarchy populated in 0.0069 seconds. Added 2452 classes and 558 folders.
[2018.06.13-17.11.28:976][  0]LogContentBrowser: Native class hierarchy updated for 'WidgetCarousel' in 0.0002 seconds. Added 0 classes and 0 folders.
[2018.06.13-17.11.29:002][  0]LogContentBrowser: Native class hierarchy updated for 'AddContentDialog' in 0.0002 seconds. Added 0 classes and 0 folders.
[2018.06.13-17.11.29:005][  0]LogContentBrowser: Native class hierarchy updated for 'SceneOutliner' in 0.0002 seconds. Added 1 classes and 2 folders.
[2018.06.13-17.11.29:019][  0]LogSlate: Took 0.000135 seconds to synchronously load lazily loaded font '../../../Engine/Content/Slate/Fonts/Roboto-Regular.ttf' (155K)
[2018.06.13-17.11.29:021][  0]LogSlate: Took 0.000212 seconds to synchronously load lazily loaded font '../../../Engine/Content/Slate/Fonts/Roboto-Bold.ttf' (160K)
[2018.06.13-17.11.29:026][  0]LogSlate: Took 0.000235 seconds to synchronously load lazily loaded font '../../../Engine/Content/Editor/Slate/Fonts/FontAwesome.ttf' (139K)
[2018.06.13-17.11.29:111][  0]LogRenderer: Reallocating scene render targets to support 1616x808 Format 10 NumSamples 1 (Frame:1).
[2018.06.13-17.11.29:247][  0]LogContentBrowser: Native class hierarchy updated for 'HierarchicalLODOutliner' in 0.0002 seconds. Added 0 classes and 0 folders.
[2018.06.13-17.11.29:247][  0]LogLoad: (Engine Initialization) Total time: 7.85 seconds
[2018.06.13-17.11.29:247][  0]LogLoad: (Engine Initialization) Total Blueprint compile time: 0.00 seconds
[2018.06.13-17.11.29:257][  0]LogWindowsTextInputMethodSystem: Display: IME system now deactivated.
[2018.06.13-17.11.29:276][  0]LogContentStreaming: Texture pool size now 1000 MB
[2018.06.13-17.11.29:350][  1]LogAssetRegistry: Asset discovery search completed in 4.3683 seconds
[2018.06.13-17.11.29:352][  1]LogCollectionManager: Rebuilt the object cache for 0 collections in 0.000000 seconds (found 0 objects)
[2018.06.13-17.11.29:352][  1]LogCollectionManager: Fixed up redirectors for 0 collections in 0.000045 seconds (updated 0 objects)
[2018.06.13-17.13.35:155][400]LogSlate: FSceneViewport::OnFocusLost() reason 2
[2018.06.13-17.13.51:760][309]MapCheck: New page: Map Check
[2018.06.13-17.13.51:780][309]Cmd: MAP REBUILD ALLVISIBLE
[2018.06.13-17.13.51:780][309]LogEditorServer: Rebuildmap Clear paths rebuilt
[2018.06.13-17.13.51:817][309]LogMaterial: Missing cached shader map for material FDebugViewModeMaterialProxy WorldGridMaterial, compiling. Is special engine material.
[2018.06.13-17.13.51:823][309]LogMaterial: Missing cached shader map for material FDebugViewModeMaterialProxy MaterialInstanceDynamic_1, compiling. 
[2018.06.13-17.13.51:827][309]LogMaterial: Missing cached shader map for material FDebugViewModeMaterialProxy HelpActorMaterial, compiling. 
[2018.06.13-17.13.51:830][309]LogShaderCompilers: Display: Shaders left to compile 3
[2018.06.13-17.13.51:830][309]LogShaderCompilers: Display: Shaders left to compile 2
[2018.06.13-17.13.51:830][309]LogShaderCompilers: Display: Shaders left to compile 1
[2018.06.13-17.13.51:830][309]LogMaterial: Missing cached shader map for material FDebugViewModeMaterialProxy RampMaterial, compiling. 
[2018.06.13-17.13.51:834][309]LogMaterial: Missing cached shader map for material FDebugViewModeMaterialProxy CubeMaterial, compiling. 
[2018.06.13-17.13.51:838][309]LogMaterial: Missing cached shader map for material FDebugViewModeMaterialProxy DefaultTextMaterialOpaque, compiling. 
[2018.06.13-17.13.51:842][309]LogMaterial: Missing cached shader map for material FDebugViewModeMaterialProxy Soldier_body1, compiling. 
[2018.06.13-17.13.51:846][309]LogMaterial: Missing cached shader map for material FDebugViewModeMaterialProxy Soldier_head6, compiling. 
[2018.06.13-17.13.51:849][309]LogMaterial: Missing cached shader map for material FDebugViewModeMaterialProxy MatineeCam_mat, compiling. 
[2018.06.13-17.13.52:485][309]LogShaderCompilers: Display: Shaders left to compile 6
[2018.06.13-17.13.52:485][309]LogShaderCompilers: Display: Shaders left to compile 5
[2018.06.13-17.13.52:485][309]LogShaderCompilers: Display: Shaders left to compile 4
[2018.06.13-17.13.52:485][309]LogShaderCompilers: Display: Shaders left to compile 3
[2018.06.13-17.13.52:485][309]LogShaderCompilers: Display: Shaders left to compile 2
[2018.06.13-17.13.52:485][309]LogShaderCompilers: Display: Shaders left to compile 1
[2018.06.13-17.13.52:485][309]TextureStreamingBuild: Display: Compiling optional shaders took 0.672 seconds.
[2018.06.13-17.13.52:491][309]LogLevel: Display: Export Material TexCoord Scales took 0.006 seconds.
[2018.06.13-17.13.52:495][309]TextureStreamingBuild: Display: Build Texture Streaming took 0.004 seconds.
[2018.06.13-17.13.52:504][309]LightingResults: New page: Lighting Build - 13.06.2018 21:13:52
[2018.06.13-17.13.52:529][309]LogSwarmInterface: [OpenConnection] Registering TCP channel ...
[2018.06.13-17.13.52:587][309]LogSwarmInterface: [OpenConnection] Connecting to agent ...
[2018.06.13-17.13.52:596][309]LogSwarmInterface: [TryOpenConnection] Testing the Agent
[2018.06.13-17.13.53:100][309]LogSwarmInterface: [TryOpenConnection] Opening Connection to Agent
[2018.06.13-17.13.53:100][309]LogSwarmInterface: [TryOpenConnection] Local Process ID is 10356
[2018.06.13-17.13.55:334][309]LogStaticLightingSystem: Running Lightmass w/ ImmediateImport mode ENABLED
[2018.06.13-17.13.55:334][309]LogStaticLightingSystem: Running Lightmass w/ ImmediateProcess mode ENABLED
[2018.06.13-17.13.55:334][309]LogStaticLightingSystem: Running Lightmass w/ Sorting mode ENABLED
[2018.06.13-17.13.55:334][309]LogStaticLightingSystem: Running Lightmass w/ Mapping paddings ENABLED
[2018.06.13-17.13.55:334][309]LogStaticLightingSystem: Running Lightmass w/ Mapping debug paddings DISABLED
[2018.06.13-17.13.55:464][309]Cmd: MAP CHECK DONTDISPLAYDIALOG
[2018.06.13-17.13.55:464][309]MapCheck: New page: ThirdPersonExampleMap - 13.06.2018 21:13:55
[2018.06.13-17.13.55:498][309]MapCheck: Map check complete: 0 Error(s), 0 Warning(s), took 33,846ms to complete.
[2018.06.13-17.13.55:520][309]LogEditorBuildUtils: Build time 0:03
[2018.06.13-17.13.59:150][604]Job is a success!
[2018.06.13-17.13.59:191][605]LogSlate: Took 0.000149 seconds to synchronously load lazily loaded font '../../../Engine/Content/Slate/Fonts/Roboto-Light.ttf' (167K)
[2018.06.13-17.13.59:219][605]LogVolumetricLightmapImport: Imported Volumetric Lightmap in 0.008s
[2018.06.13-17.13.59:219][605]LogVolumetricLightmapImport:      Indirection Texture 16x16x16 = 0.0Mb
[2018.06.13-17.13.59:219][605]LogVolumetricLightmapImport:      BrickData 225x5x5 = 0.2Mb (trimmed 0.0Mb due to 0.010000 MinBrickError)
[2018.06.13-17.13.59:219][605]LogVolumetricLightmapImport:      Bricks at Level
[2018.06.13-17.13.59:219][605]LogVolumetricLightmapImport:          0: 2.2% covering 100.0% of volume
[2018.06.13-17.13.59:219][605]LogVolumetricLightmapImport:          1: 8.9% covering 6.3% of volume
[2018.06.13-17.13.59:219][605]LogVolumetricLightmapImport:          2: 88.9% covering 1.0% of volume
[2018.06.13-17.13.59:560][605]LogTexture: Display: Building textures: SkyOcclusion1_1 (AutoDXT, 1024X512)
[2018.06.13-17.13.59:560][605]LogTexture: Display: Building textures: HQ_Lightmap1_1 (AutoDXT, 1024X1024)
[2018.06.13-17.13.59:560][605]LogTexture: Display: Building textures: LQ_Lightmap_1_1 (DXT1, 1024X1024)
[2018.06.13-17.13.59:560][605]LogTexture: Display: Building textures: SkyOcclusion1_2 (AutoDXT, 512X256)
[2018.06.13-17.13.59:560][605]LogTexture: Display: Building textures: HQ_Lightmap1_2 (AutoDXT, 512X512)
[2018.06.13-17.13.59:560][605]LogTexture: Display: Building textures: SkyOcclusion1_3 (AutoDXT, 64X32)
[2018.06.13-17.13.59:560][605]LogTexture: Display: Building textures: LQ_Lightmap_1_2 (DXT1, 512X512)
[2018.06.13-17.13.59:560][605]LogTexture: Display: Building textures: HQ_Lightmap1_3 (AutoDXT, 64X64)
[2018.06.13-17.13.59:560][605]LogTexture: Display: Building textures: LQ_Lightmap_1_3 (DXT1, 64X64)
[2018.06.13-17.13.59:741][605]LogTexture: Display: Building textures: ShadowMapTexture2D_3 (G8, 32X32)
[2018.06.13-17.13.59:741][605]LogTexture: Display: Building textures: ShadowMapTexture2D_2 (G8, 1024X1024)
[2018.06.13-17.13.59:766][605]Lightmass on DESKTOP-8CSNSRA: 3.80 sec total, 109 ms importing, 13 ms setup, 1.11 sec photons, 2.53 sec processing, 0 ms extra exporting [12/12 mappings]. Threads: 27.4 sec total, 6.24 sec processing.
[2018.06.13-17.13.59:782][605]LogStaticLightingSystem: Illumination: 7.25 sec (307 ms encoding lightmaps, 175 ms encoding shadowmaps)
[2018.06.13-17.13.59:782][605]LogStaticLightingSystem: Lightmap texture memory:  3.3 MB (3.3 MB streaming, 0.0 MB non-streaming), 6 textures
[2018.06.13-17.13.59:782][605]LogStaticLightingSystem: Shadowmap texture memory: 1.3 MB (1.3 MB streaming, 0.0 MB non-streaming), 2 textures
[2018.06.13-17.14.00:342][605]DumpUnbuiltLightIteractions
[2018.06.13-17.14.00:342][605]Lights with unbuilt interactions: 0
[2018.06.13-17.14.00:342][605]
[2018.06.13-17.14.00:342][605]Primitives with unbuilt interactions: 0
[2018.06.13-17.14.00:409][606]Cmd: MAP CHECK NOTIFYRESULTS
[2018.06.13-17.14.00:409][606]MapCheck: New page: ThirdPersonExampleMap - 13.06.2018 21:14:00
[2018.06.13-17.14.00:442][606]MapCheck: Map check complete: 0 Error(s), 0 Warning(s), took 33ms to complete.
[2018.06.13-17.15.56:923][334]LogSlate: FSceneViewport::OnFocusLost() reason 0
[2018.06.13-17.16.21:833][310]LogSlate: FSceneViewport::OnFocusLost() reason 0
[2018.06.13-17.16.50:103][676]MapCheck: New page: Map Check
[2018.06.13-17.16.50:125][676]Cmd: MAP REBUILD ALLVISIBLE
[2018.06.13-17.16.50:125][676]LogEditorServer: Rebuildmap Clear paths rebuilt
[2018.06.13-17.16.50:147][676]LogMaterial: Missing cached shader map for material FDebugViewModeMaterialProxy WorldGridMaterial, compiling. Is special engine material.
[2018.06.13-17.16.50:151][676]LogMaterial: Missing cached shader map for material FDebugViewModeMaterialProxy MaterialInstanceDynamic_2, compiling. 
[2018.06.13-17.16.50:154][676]LogMaterial: Missing cached shader map for material FDebugViewModeMaterialProxy HelpActorMaterial, compiling. 
[2018.06.13-17.16.50:158][676]LogMaterial: Missing cached shader map for material FDebugViewModeMaterialProxy RampMaterial, compiling. 
[2018.06.13-17.16.50:162][676]LogShaderCompilers: Display: Shaders left to compile 3
[2018.06.13-17.16.50:162][676]LogShaderCompilers: Display: Shaders left to compile 2
[2018.06.13-17.16.50:162][676]LogShaderCompilers: Display: Shaders left to compile 1
[2018.06.13-17.16.50:162][676]LogMaterial: Missing cached shader map for material FDebugViewModeMaterialProxy CubeMaterial, compiling. 
[2018.06.13-17.16.50:166][676]LogMaterial: Missing cached shader map for material FDebugViewModeMaterialProxy DefaultTextMaterialOpaque, compiling. 
[2018.06.13-17.16.50:170][676]LogMaterial: Missing cached shader map for material FDebugViewModeMaterialProxy Soldier_body1, compiling. 
[2018.06.13-17.16.50:174][676]LogMaterial: Missing cached shader map for material FDebugViewModeMaterialProxy Soldier_head6, compiling. 
[2018.06.13-17.16.50:180][676]LogShaderCompilers: Display: Shaders left to compile 5
[2018.06.13-17.16.50:180][676]LogShaderCompilers: Display: Shaders left to compile 4
[2018.06.13-17.16.50:180][676]LogShaderCompilers: Display: Shaders left to compile 3
[2018.06.13-17.16.50:180][676]LogShaderCompilers: Display: Shaders left to compile 2
[2018.06.13-17.16.50:180][676]LogShaderCompilers: Display: Shaders left to compile 1
[2018.06.13-17.16.50:180][676]LogMaterial: Missing cached shader map for material FDebugViewModeMaterialProxy MatineeCam_mat, compiling. 
[2018.06.13-17.16.50:792][676]LogShaderCompilers: Display: Shaders left to compile 1
[2018.06.13-17.16.50:792][676]TextureStreamingBuild: Display: Compiling optional shaders took 0.648 seconds.
[2018.06.13-17.16.50:797][676]LogLevel: Display: Export Material TexCoord Scales took 0.006 seconds.
[2018.06.13-17.16.50:801][676]TextureStreamingBuild: Display: Build Texture Streaming took 0.004 seconds.
[2018.06.13-17.16.50:809][676]LightingResults: New page: Lighting Build - 13.06.2018 21:16:50
[2018.06.13-17.16.50:815][676]LogSwarmInterface: [OpenConnection] Registering TCP channel ...
[2018.06.13-17.16.50:819][676]LogSwarmInterface: [OpenConnection] Connecting to agent ...
[2018.06.13-17.16.50:819][676]LogSwarmInterface: [TryOpenConnection] Testing the Agent
[2018.06.13-17.16.50:820][676]LogSwarmInterface: [TryOpenConnection] Opening Connection to Agent
[2018.06.13-17.16.50:820][676]LogSwarmInterface: [TryOpenConnection] Local Process ID is 10356
[2018.06.13-17.16.55:393][676]LogStaticLightingSystem: Running Lightmass w/ ImmediateImport mode ENABLED
[2018.06.13-17.16.55:393][676]LogStaticLightingSystem: Running Lightmass w/ ImmediateProcess mode ENABLED
[2018.06.13-17.16.55:393][676]LogStaticLightingSystem: Running Lightmass w/ Sorting mode ENABLED
[2018.06.13-17.16.55:393][676]LogStaticLightingSystem: Running Lightmass w/ Mapping paddings ENABLED
[2018.06.13-17.16.55:394][676]LogStaticLightingSystem: Running Lightmass w/ Mapping debug paddings DISABLED
[2018.06.13-17.16.55:499][676]Cmd: MAP CHECK DONTDISPLAYDIALOG
[2018.06.13-17.16.55:499][676]MapCheck: New page: ThirdPersonExampleMap - 13.06.2018 21:16:55
[2018.06.13-17.16.55:533][676]MapCheck: Map check complete: 0 Error(s), 0 Warning(s), took 34,243ms to complete.
[2018.06.13-17.16.55:556][676]LogEditorBuildUtils: Build time 0:05
[2018.06.13-17.16.59:030][958]Job is a success!
[2018.06.13-17.16.59:084][959]LogSlate: FSceneViewport::OnFocusLost() reason 2
[2018.06.13-17.16.59:104][959]LogVolumetricLightmapImport: Imported Volumetric Lightmap in 0.006s
[2018.06.13-17.16.59:104][959]LogVolumetricLightmapImport:      Indirection Texture 16x16x16 = 0.0Mb
[2018.06.13-17.16.59:104][959]LogVolumetricLightmapImport:      BrickData 225x5x5 = 0.2Mb (trimmed 0.0Mb due to 0.010000 MinBrickError)
[2018.06.13-17.16.59:104][959]LogVolumetricLightmapImport:      Bricks at Level
[2018.06.13-17.16.59:104][959]LogVolumetricLightmapImport:          0: 2.2% covering 100.0% of volume
[2018.06.13-17.16.59:104][959]LogVolumetricLightmapImport:          1: 8.9% covering 6.3% of volume
[2018.06.13-17.16.59:104][959]LogVolumetricLightmapImport:          2: 88.9% covering 1.0% of volume
[2018.06.13-17.16.59:410][959]LogTexture: Display: Building textures: SkyOcclusion0_1 (AutoDXT, 1024X512)
[2018.06.13-17.16.59:410][959]LogTexture: Display: Building textures: HQ_Lightmap0_1 (AutoDXT, 1024X1024)
[2018.06.13-17.16.59:410][959]LogTexture: Display: Building textures: LQ_Lightmap_0_1 (DXT1, 1024X1024)
[2018.06.13-17.16.59:410][959]LogTexture: Display: Building textures: SkyOcclusion0_2 (AutoDXT, 512X256)
[2018.06.13-17.16.59:410][959]LogTexture: Display: Building textures: HQ_Lightmap0_2 (AutoDXT, 512X512)
[2018.06.13-17.16.59:410][959]LogTexture: Display: Building textures: LQ_Lightmap_0_2 (DXT1, 512X512)
[2018.06.13-17.16.59:410][959]LogTexture: Display: Building textures: SkyOcclusion0_3 (AutoDXT, 64X32)
[2018.06.13-17.16.59:410][959]LogTexture: Display: Building textures: HQ_Lightmap0_3 (AutoDXT, 64X64)
[2018.06.13-17.16.59:410][959]LogTexture: Display: Building textures: LQ_Lightmap_0_3 (DXT1, 64X64)
[2018.06.13-17.16.59:585][959]LogTexture: Display: Building textures: ShadowMapTexture2D_5 (G8, 32X32)
[2018.06.13-17.16.59:585][959]LogTexture: Display: Building textures: ShadowMapTexture2D_4 (G8, 1024X1024)
[2018.06.13-17.16.59:605][959]Lightmass on DESKTOP-8CSNSRA: 3.67 sec total, 118 ms importing, 13 ms setup, 1.10 sec photons, 2.41 sec processing, 0 ms extra exporting [12/12 mappings]. Threads: 26.0 sec total, 5.66 sec processing.
[2018.06.13-17.16.59:611][959]LogStaticLightingSystem: Illumination: 8.77 sec (272 ms encoding lightmaps, 170 ms encoding shadowmaps)
[2018.06.13-17.16.59:611][959]LogStaticLightingSystem: Lightmap texture memory:  3.3 MB (3.3 MB streaming, 0.0 MB non-streaming), 6 textures
[2018.06.13-17.16.59:611][959]LogStaticLightingSystem: Shadowmap texture memory: 1.3 MB (1.3 MB streaming, 0.0 MB non-streaming), 2 textures
[2018.06.13-17.17.00:399][959]DumpUnbuiltLightIteractions
[2018.06.13-17.17.00:399][959]Lights with unbuilt interactions: 0
[2018.06.13-17.17.00:399][959]
[2018.06.13-17.17.00:399][959]Primitives with unbuilt interactions: 0
[2018.06.13-17.17.00:416][959]LogSlate: FSceneViewport::OnFocusLost() reason 2
[2018.06.13-17.17.00:464][960]Cmd: MAP CHECK NOTIFYRESULTS
[2018.06.13-17.17.00:465][960]MapCheck: New page: ThirdPersonExampleMap - 13.06.2018 21:17:00
[2018.06.13-17.17.00:499][960]MapCheck: Map check complete: 0 Error(s), 0 Warning(s), took 34,686ms to complete.
[2018.06.13-17.17.01:174][ 38]LogSlate: FSceneViewport::OnFocusLost() reason 0
[2018.06.13-17.17.01:274][ 50]LogTemp: Repeating last play command: Selected Viewport
[2018.06.13-17.17.01:287][ 50]LogBlueprintUserMessages: Early PlayInEditor Detection: Level '/Game/ThirdPersonBP/Maps/ThirdPersonExampleMap.ThirdPersonExampleMap:PersistentLevel' has LevelScriptBlueprint '/Game/ThirdPersonBP/Maps/ThirdPersonExampleMap.ThirdPersonExampleMap:PersistentLevel.ThirdPersonExampleMap' with GeneratedClass '/Game/ThirdPersonBP/Maps/ThirdPersonExampleMap.ThirdPersonExampleMap_C' with ClassGeneratedBy '/Game/ThirdPersonBP/Maps/ThirdPersonExampleMap.ThirdPersonExampleMap:PersistentLevel.ThirdPersonExampleMap'
[2018.06.13-17.17.01:287][ 50]LogPlayLevel: PlayLevel: No blueprints needed recompiling
[2018.06.13-17.17.01:287][ 50]PIE: New page: PIE session: ThirdPersonExampleMap (13.06.2018 21:17:01)
[2018.06.13-17.17.01:287][ 50]LogPlayLevel: Creating play world package: /Game/ThirdPersonBP/Maps/UEDPIE_0_ThirdPersonExampleMap
[2018.06.13-17.17.01:304][ 50]LogPlayLevel: PIE: StaticDuplicateObject took: (0.016989s)
[2018.06.13-17.17.01:305][ 50]LogAIModule: Creating AISystem for world ThirdPersonExampleMap
[2018.06.13-17.17.01:305][ 50]LogPlayLevel: PIE: World Init took: (0.000595s)
[2018.06.13-17.17.01:305][ 50]LogPlayLevel: PIE: Created PIE world by copying editor world from /Game/ThirdPersonBP/Maps/ThirdPersonExampleMap.ThirdPersonExampleMap to /Game/ThirdPersonBP/Maps/UEDPIE_0_ThirdPersonExampleMap.ThirdPersonExampleMap (0.017730s)
[2018.06.13-17.17.01:371][ 50]LogInit: XAudio2 using 'Kopfhörer (Astro A50 Game)' : 6 channels at 48 kHz using 16 bits per sample (channel mask 0x60f)
[2018.06.13-17.17.01:377][ 50]LogInit: FAudioDevice initialized.
[2018.06.13-17.17.01:422][ 50]LogLoad: Game class is 'ThirdPersonGameMode_C'
[2018.06.13-17.17.01:424][ 50]LogWorld: Bringing World /Game/ThirdPersonBP/Maps/UEDPIE_0_ThirdPersonExampleMap.ThirdPersonExampleMap up for play (max tick rate 0) at 2018.06.13-19.17.01
[2018.06.13-17.17.01:425][ 50]LogWorld: Bringing up level for play took: 0.001166
[2018.06.13-17.17.01:427][ 50]LogContentBrowser: Native class hierarchy updated for 'MovieSceneCapture' in 0.0002 seconds. Added 11 classes and 0 folders.
[2018.06.13-17.17.01:428][ 50]PIE: Play in editor start time for /Game/ThirdPersonBP/Maps/UEDPIE_0_ThirdPersonExampleMap -0,052
[2018.06.13-17.17.01:428][ 50]LogBlueprintUserMessages: Late PlayInEditor Detection: Level '/Game/ThirdPersonBP/Maps/ThirdPersonExampleMap.ThirdPersonExampleMap:PersistentLevel' has LevelScriptBlueprint '/Game/ThirdPersonBP/Maps/ThirdPersonExampleMap.ThirdPersonExampleMap:PersistentLevel.ThirdPersonExampleMap' with GeneratedClass '/Game/ThirdPersonBP/Maps/ThirdPersonExampleMap.ThirdPersonExampleMap_C' with ClassGeneratedBy '/Game/ThirdPersonBP/Maps/ThirdPersonExampleMap.ThirdPersonExampleMap:PersistentLevel.ThirdPersonExampleMap'
[2018.06.13-17.17.06:060][601]LogBlueprintUserMessages: Early EndPlayMap Detection: Level '/Game/ThirdPersonBP/Maps/ThirdPersonExampleMap.ThirdPersonExampleMap:PersistentLevel' has LevelScriptBlueprint '/Game/ThirdPersonBP/Maps/ThirdPersonExampleMap.ThirdPersonExampleMap:PersistentLevel.ThirdPersonExampleMap' with GeneratedClass '/Game/ThirdPersonBP/Maps/ThirdPersonExampleMap.ThirdPersonExampleMap_C' with ClassGeneratedBy '/Game/ThirdPersonBP/Maps/ThirdPersonExampleMap.ThirdPersonExampleMap:PersistentLevel.ThirdPersonExampleMap'
[2018.06.13-17.17.06:092][601]LogBlueprintUserMessages: Late EndPlayMap Detection: Level '/Game/ThirdPersonBP/Maps/ThirdPersonExampleMap.ThirdPersonExampleMap:PersistentLevel' has LevelScriptBlueprint '/Game/ThirdPersonBP/Maps/ThirdPersonExampleMap.ThirdPersonExampleMap:PersistentLevel.ThirdPersonExampleMap' with GeneratedClass '/Game/ThirdPersonBP/Maps/ThirdPersonExampleMap.ThirdPersonExampleMap_C' with ClassGeneratedBy '/Game/ThirdPersonBP/Maps/ThirdPersonExampleMap.ThirdPersonExampleMap:PersistentLevel.ThirdPersonExampleMap'
[2018.06.13-17.18.31:667][848]LogSlate: FSceneViewport::OnFocusLost() reason 2
[2018.06.13-17.18.36:126][381]LogUProjectInfo: Found projects:
[2018.06.13-17.18.36:128][381]LogSlate: FSceneViewport::OnFocusLost() reason 2
[2018.06.13-17.18.38:764][697]Cmd: CLOSE_SLATE_MAINFRAME
[2018.06.13-17.18.44:514][697]LogSlate: Window 'Save Content' being destroyed
[2018.06.13-17.18.44:564][697]LogSlate: Window 'Open Project' being destroyed
[2018.06.13-17.18.44:566][697]LogSlate: Window 'FirstFPS - Unreal Editor' being destroyed
[2018.06.13-17.18.44:741][698]Cmd: QUIT_EDITOR
[2018.06.13-17.18.45:128][698]LogWindowsTextInputMethodSystem: Display: IME system now deactivated.
[2018.06.13-17.18.45:135][698]LogSlate: Slate User Destroyed.  User Index 0, Is Virtual User: 0
[2018.06.13-17.18.45:136][698]LogExit: Preparing to exit.
[2018.06.13-17.18.46:078][698]LogExit: Editor shut down
[2018.06.13-17.18.46:081][698]LogExit: Transaction tracking system shut down
[2018.06.13-17.18.46:082][698]LogUObjectGlobals: Destroyed PersistentFrame Addr=0x000001eb9bf76890, Size=72
[2018.06.13-17.18.46:082][698]LogUObjectGlobals: Destroyed PersistentFrame Addr=0x000001eb9c90ee28, Size=4
[2018.06.13-17.18.46:082][698]LogUObjectGlobals: Destroyed PersistentFrame Addr=0x000001ebfaffc280, Size=368
[2018.06.13-17.18.46:082][698]LogUObjectGlobals: Destroyed PersistentFrame Addr=0x000001eba206c6d0, Size=72
[2018.06.13-17.18.46:183][698]LogDirectoryWatcher: A directory notification for '../../../Engine/Content/' was aborted.
[2018.06.13-17.18.46:184][698]LogDirectoryWatcher: A directory notification for 'C:/Users/deads/OneDrive/Dokumente/Unreal Projects/FirstFPS/Content/' was aborted.
[2018.06.13-17.18.46:184][698]LogDirectoryWatcher: A directory notification for '../../Plugins/2D/Paper2D/Content/' was aborted.
[2018.06.13-17.18.46:184][698]LogDirectoryWatcher: A directory notification for '../../Plugins/Enterprise/DatasmithContent/Content/' was aborted.
[2018.06.13-17.18.46:184][698]LogDirectoryWatcher: A directory notification for '../../Plugins/Media/MediaCompositing/Content/' was aborted.
[2018.06.13-17.18.46:184][698]LogDirectoryWatcher: A directory notification for '../../Plugins/Runtime/AppleARKit/Content/' was aborted.
[2018.06.13-17.18.46:184][698]LogDirectoryWatcher: A directory notification for '../../Plugins/Runtime/Oculus/OculusVR/Content/' was aborted.
[2018.06.13-17.18.46:184][698]LogDirectoryWatcher: A directory notification for '../../Plugins/Runtime/Steam/SteamVR/Content/' was aborted.
[2018.06.13-17.18.46:229][698]LogExit: Object subsystem successfully closed.
[2018.06.13-17.18.46:255][698]LogShaderCompilers: Display: Shaders left to compile 0
[2018.06.13-17.18.46:258][698]LogD3D11RHI: Shutdown
[2018.06.13-17.18.46:258][698]LogD3D11RHI: CleanupD3DDevice
[2018.06.13-17.18.46:260][698]LogD3D11RHI: ~FD3D11DynamicRHI
[2018.06.13-17.18.46:267][698]LogModuleManager: Shutting down and abandoning module MovieSceneCapture (578)
[2018.06.13-17.18.46:267][698]LogModuleManager: Shutting down and abandoning module HierarchicalLODUtilities (576)
[2018.06.13-17.18.46:267][698]LogModuleManager: Shutting down and abandoning module HierarchicalLODOutliner (574)
[2018.06.13-17.18.46:267][698]LogModuleManager: Shutting down and abandoning module SceneOutliner (572)
[2018.06.13-17.18.46:267][698]LogModuleManager: Shutting down and abandoning module AddContentDialog (570)
[2018.06.13-17.18.46:267][698]LogDirectoryWatcher: A directory notification for 'A:/Epic Games/UE_4.19/FeaturePacks/' was aborted.
[2018.06.13-17.18.46:269][698]LogModuleManager: Shutting down and abandoning module WidgetCarousel (569)
[2018.06.13-17.18.46:269][698]LogModuleManager: Shutting down and abandoning module EditorWidgets (566)
[2018.06.13-17.18.46:269][698]LogModuleManager: Shutting down and abandoning module CollectionManager (564)
[2018.06.13-17.18.46:269][698]LogDirectoryWatcher: A directory notification for 'C:/Users/deads/OneDrive/Dokumente/Unreal Projects/FirstFPS/Content/Collections/' was aborted.
[2018.06.13-17.18.46:269][698]LogDirectoryWatcher: A directory notification for 'C:/Users/deads/OneDrive/Dokumente/Unreal Projects/FirstFPS/Content/Developers/deads/Collections/' was aborted.
[2018.06.13-17.18.46:269][698]LogDirectoryWatcher: A directory notification for 'C:/Users/deads/OneDrive/Dokumente/Unreal Projects/FirstFPS/Saved/Collections/' was aborted.
[2018.06.13-17.18.46:269][698]LogModuleManager: Shutting down and abandoning module StatsViewer (562)
[2018.06.13-17.18.46:269][698]LogModuleManager: Shutting down and abandoning module FoliageEdit (560)
[2018.06.13-17.18.46:269][698]LogModuleManager: Shutting down and abandoning module LandscapeEditor (558)
[2018.06.13-17.18.46:269][698]LogModuleManager: Shutting down and abandoning module MeshPaintMode (556)
[2018.06.13-17.18.46:269][698]LogModuleManager: Shutting down and abandoning module SceneDepthPickerMode (554)
[2018.06.13-17.18.46:269][698]LogModuleManager: Shutting down and abandoning module ActorPickerMode (552)
[2018.06.13-17.18.46:269][698]LogModuleManager: Shutting down and abandoning module GeometryMode (550)
[2018.06.13-17.18.46:269][698]LogModuleManager: Shutting down and abandoning module TextureAlignMode (548)
[2018.06.13-17.18.46:269][698]LogModuleManager: Shutting down and abandoning module BspMode (546)
[2018.06.13-17.18.46:269][698]LogModuleManager: Shutting down and abandoning module PIEPreviewDeviceProfileSelector (544)
[2018.06.13-17.18.46:269][698]LogModuleManager: Shutting down and abandoning module HardwareSurvey (542)
[2018.06.13-17.18.46:269][698]LogModuleManager: Shutting down and abandoning module SequenceRecorderSections (540)
[2018.06.13-17.18.46:269][698]LogModuleManager: Shutting down and abandoning module AutomationWorker (538)
[2018.06.13-17.18.46:269][698]LogModuleManager: Shutting down and abandoning module AudioCaptureEditor (536)
[2018.06.13-17.18.46:269][698]LogModuleManager: Shutting down and abandoning module SequenceRecorder (535)
[2018.06.13-17.18.46:269][698]LogModuleManager: Shutting down and abandoning module MatineeToLevelSequence (532)
[2018.06.13-17.18.46:269][698]LogModuleManager: Shutting down and abandoning module LevelSequenceEditor (530)
[2018.06.13-17.18.46:269][698]LogModuleManager: Shutting down and abandoning module PlacementMode (529)
[2018.06.13-17.18.46:269][698]LogModuleManager: Shutting down and abandoning module MaterialEditor (528)
[2018.06.13-17.18.46:269][698]LogModuleManager: Shutting down and abandoning module WmfMediaFactory (524)
[2018.06.13-17.18.46:269][698]LogModuleManager: Shutting down and abandoning module WmfMediaEditor (522)
[2018.06.13-17.18.46:269][698]LogModuleManager: Shutting down and abandoning module MediaPlayerEditor (520)
[2018.06.13-17.18.46:269][698]LogModuleManager: Shutting down and abandoning module OpenExrWrapper (518)
[2018.06.13-17.18.46:269][698]LogModuleManager: Shutting down and abandoning module ImgMediaFactory (516)
[2018.06.13-17.18.46:269][698]LogModuleManager: Shutting down and abandoning module ImgMediaEditor (514)
[2018.06.13-17.18.46:269][698]LogModuleManager: Shutting down and abandoning module AvfMediaFactory (512)
[2018.06.13-17.18.46:269][698]LogModuleManager: Shutting down and abandoning module AvfMediaEditor (510)
[2018.06.13-17.18.46:269][698]LogModuleManager: Shutting down and abandoning module AndroidMediaFactory (508)
[2018.06.13-17.18.46:269][698]LogModuleManager: Shutting down and abandoning module AndroidMediaEditor (506)
[2018.06.13-17.18.46:269][698]LogModuleManager: Shutting down and abandoning module CharacterAI (504)
[2018.06.13-17.18.46:269][698]LogModuleManager: Shutting down and abandoning module SmartSnapping (502)
[2018.06.13-17.18.46:269][698]LogModuleManager: Shutting down and abandoning module SessionServices (500)
[2018.06.13-17.18.46:269][698]LogModuleManager: Shutting down and abandoning module ViewportSnapping (498)
[2018.06.13-17.18.46:269][698]LogModuleManager: Shutting down and abandoning module ViewportInteraction (496)
[2018.06.13-17.18.46:269][698]LogModuleManager: Shutting down and abandoning module ClothPainter (494)
[2018.06.13-17.18.46:269][698]LogModuleManager: Shutting down and abandoning module SkeletalMeshEditor (493)
[2018.06.13-17.18.46:270][698]LogModuleManager: Shutting down and abandoning module LogVisualizer (490)
[2018.06.13-17.18.46:270][698]LogModuleManager: Shutting down and abandoning module IntroTutorials (488)
[2018.06.13-17.18.46:270][698]LogModuleManager: Shutting down and abandoning module GameProjectGeneration (487)
[2018.06.13-17.18.46:270][698]LogModuleManager: Shutting down and abandoning module IOSPlatformEditor (484)
[2018.06.13-17.18.46:270][698]LogModuleManager: Shutting down and abandoning module HTML5PlatformEditor (482)
[2018.06.13-17.18.46:270][698]LogModuleManager: Shutting down and abandoning module AndroidPlatformEditor (480)
[2018.06.13-17.18.46:270][698]LogModuleManager: Shutting down and abandoning module AndroidDeviceDetection (479)
[2018.06.13-17.18.46:298][698]LogModuleManager: Shutting down and abandoning module WindowsPlatformEditor (476)
[2018.06.13-17.18.46:298][698]LogModuleManager: Shutting down and abandoning module IOSRuntimeSettings (474)
[2018.06.13-17.18.46:298][698]LogModuleManager: Shutting down and abandoning module AndroidRuntimeSettings (472)
[2018.06.13-17.18.46:298][698]LogModuleManager: Shutting down and abandoning module InputBindingEditor (470)
[2018.06.13-17.18.46:298][698]LogModuleManager: Shutting down and abandoning module MergeActors (468)
[2018.06.13-17.18.46:298][698]LogModuleManager: Shutting down and abandoning module LocalizationDashboard (466)
[2018.06.13-17.18.46:298][698]LogModuleManager: Shutting down and abandoning module LocalizationService (465)
[2018.06.13-17.18.46:298][698]LogModuleManager: Shutting down and abandoning module HardwareTargeting (462)
[2018.06.13-17.18.46:298][698]LogModuleManager: Shutting down and abandoning module DeviceProfileEditor (460)
[2018.06.13-17.18.46:298][698]LogModuleManager: Shutting down and abandoning module UndoHistory (458)
[2018.06.13-17.18.46:298][698]LogModuleManager: Shutting down and abandoning module XmlParser (456)
[2018.06.13-17.18.46:298][698]LogModuleManager: Shutting down and abandoning module Blutility (454)
[2018.06.13-17.18.46:298][698]LogModuleManager: Shutting down and abandoning module ProjectSettingsViewer (452)
[2018.06.13-17.18.46:298][698]LogModuleManager: Shutting down and abandoning module ProjectTargetPlatformEditor (451)
[2018.06.13-17.18.46:298][698]LogModuleManager: Shutting down and abandoning module EditorSettingsViewer (448)
[2018.06.13-17.18.46:298][698]LogModuleManager: Shutting down and abandoning module SettingsEditor (446)
[2018.06.13-17.18.46:298][698]LogModuleManager: Shutting down and abandoning module ProjectLauncher (444)
[2018.06.13-17.18.46:298][698]LogModuleManager: Shutting down and abandoning module SessionFrontend (442)
[2018.06.13-17.18.46:298][698]LogModuleManager: Shutting down and abandoning module ProfilerClient (440)
[2018.06.13-17.18.46:298][698]LogModuleManager: Shutting down and abandoning module DeviceManager (438)
[2018.06.13-17.18.46:298][698]LogModuleManager: Shutting down and abandoning module TargetDeviceServices (437)
[2018.06.13-17.18.46:353][698]LogModuleManager: Shutting down and abandoning module AutomationController (434)
[2018.06.13-17.18.46:353][698]LogModuleManager: Shutting down and abandoning module AutomationWindow (432)
[2018.06.13-17.18.46:353][698]LogModuleManager: Shutting down and abandoning module Layers (430)
[2018.06.13-17.18.46:353][698]LogModuleManager: Shutting down and abandoning module ComponentVisualizers (428)
[2018.06.13-17.18.46:353][698]LogModuleManager: Shutting down and abandoning module DetailCustomizations (426)
[2018.06.13-17.18.46:353][698]LogModuleManager: Shutting down and abandoning module PackagesDialog (424)
[2018.06.13-17.18.46:353][698]LogModuleManager: Shutting down and abandoning module Persona (422)
[2018.06.13-17.18.46:353][698]LogModuleManager: Shutting down and abandoning module AdvancedPreviewScene (421)
[2018.06.13-17.18.46:353][698]LogModuleManager: Shutting down and abandoning module AnimGraph (419)
[2018.06.13-17.18.46:353][698]LogModuleManager: Shutting down and abandoning module Kismet (416)
[2018.06.13-17.18.46:353][698]LogModuleManager: Shutting down and abandoning module GraphEditor (414)
[2018.06.13-17.18.46:353][698]LogModuleManager: Shutting down and abandoning module ClassViewer (412)
[2018.06.13-17.18.46:353][698]LogModuleManager: Shutting down and abandoning module Toolbox (410)
[2018.06.13-17.18.46:353][698]LogModuleManager: Shutting down and abandoning module ModuleUI (408)
[2018.06.13-17.18.46:353][698]LogModuleManager: Shutting down and abandoning module MovieSceneTools (406)
[2018.06.13-17.18.46:353][698]LogModuleManager: Shutting down and abandoning module OutputLog (404)
[2018.06.13-17.18.46:354][698]LogModuleManager: Shutting down and abandoning module GammaUI (402)
[2018.06.13-17.18.46:354][698]LogModuleManager: Shutting down and abandoning module Documentation (400)
[2018.06.13-17.18.46:354][698]LogModuleManager: Shutting down and abandoning module MovieSceneTracks (398)
[2018.06.13-17.18.46:354][698]LogModuleManager: Shutting down and abandoning module MovieScene (396)
[2018.06.13-17.18.46:354][698]LogModuleManager: Shutting down and abandoning module StreamingPauseRendering (394)
[2018.06.13-17.18.46:354][698]LogModuleManager: Shutting down and abandoning module LauncherPlatform (392)
[2018.06.13-17.18.46:354][698]LogModuleManager: Shutting down and abandoning module AnalyticsET (390)
[2018.06.13-17.18.46:354][698]LogModuleManager: Shutting down and abandoning module PortalServices (388)
[2018.06.13-17.18.46:354][698]LogModuleManager: Shutting down and abandoning module PortalRpc (386)
[2018.06.13-17.18.46:354][698]LogModuleManager: Shutting down and abandoning module MessagingRpc (384)
[2018.06.13-17.18.46:354][698]LogModuleManager: Shutting down and abandoning module AIModule (382)
[2018.06.13-17.18.46:354][698]LogModuleManager: Shutting down and abandoning module GameplayDebugger (381)
[2018.06.13-17.18.46:354][698]LogModuleManager: Shutting down and abandoning module AITestSuite (379)
[2018.06.13-17.18.46:354][698]LogModuleManager: Shutting down and abandoning module DesktopPlatform (376)
[2018.06.13-17.18.46:354][698]LogModuleManager: Shutting down and abandoning module ProfilerService (374)
[2018.06.13-17.18.46:604][698]LogModuleManager: Shutting down and abandoning module TaskGraph (372)
[2018.06.13-17.18.46:604][698]LogModuleManager: Shutting down and abandoning module SteamVRController (370)
[2018.06.13-17.18.46:604][698]LogModuleManager: Shutting down and abandoning module ProceduralMeshComponentEditor (368)
[2018.06.13-17.18.46:604][698]LogModuleManager: Shutting down and abandoning module ProceduralMeshComponent (366)
[2018.06.13-17.18.46:604][698]LogModuleManager: Shutting down and abandoning module OculusInput (364)
[2018.06.13-17.18.46:604][698]LogModuleManager: Shutting down and abandoning module MobilePatchingUtils (362)
[2018.06.13-17.18.46:604][698]LogModuleManager: Shutting down and abandoning module CustomMeshComponent (360)
[2018.06.13-17.18.46:604][698]LogModuleManager: Shutting down and abandoning module CableComponent (358)
[2018.06.13-17.18.46:604][698]LogModuleManager: Shutting down and abandoning module AudioCapture (356)
[2018.06.13-17.18.46:604][698]LogModuleManager: Shutting down and abandoning module ArchVisCharacter (354)
[2018.06.13-17.18.46:604][698]LogModuleManager: Shutting down and abandoning module AndroidPermission (352)
[2018.06.13-17.18.46:604][698]LogModuleManager: Shutting down and abandoning module NUTUnrealEngine4 (348)
[2018.06.13-17.18.46:604][698]LogModuleManager: Shutting down and abandoning module NetcodeUnitTest (346)
[2018.06.13-17.18.46:604][698]LogModuleManager: Shutting down and abandoning module MediaCompositingEditor (344)
[2018.06.13-17.18.46:604][698]LogModuleManager: Shutting down and abandoning module MediaCompositing (342)
[2018.06.13-17.18.46:604][698]LogModuleManager: Shutting down and abandoning module LinearTimecode (340)
[2018.06.13-17.18.46:604][698]LogModuleManager: Shutting down and abandoning module ImgMedia (338)
[2018.06.13-17.18.46:620][698]LogModuleManager: Shutting down and abandoning module HTML5Networking (336)
[2018.06.13-17.18.46:620][698]LogModuleManager: Shutting down and abandoning module AlembicImporter (334)
[2018.06.13-17.18.46:620][698]LogModuleManager: Shutting down and abandoning module AlembicLibrary (333)
[2018.06.13-17.18.46:620][698]LogModuleManager: Shutting down and abandoning module GeometryCache (332)
[2018.06.13-17.18.46:620][698]LogModuleManager: Shutting down and abandoning module GeometryCacheEd (331)
[2018.06.13-17.18.46:620][698]LogModuleManager: Shutting down and abandoning module DatasmithContent (326)
[2018.06.13-17.18.46:620][698]LogModuleManager: Shutting down and abandoning module SpeedTreeImporter (324)
[2018.06.13-17.18.46:620][698]LogModuleManager: Shutting down and abandoning module PluginBrowser (322)
[2018.06.13-17.18.46:620][698]LogModuleManager: Shutting down and abandoning module MobileLauncherProfileWizard (320)
[2018.06.13-17.18.46:620][698]LogModuleManager: Shutting down and abandoning module CryptoKeysOpenSSL (318)
[2018.06.13-17.18.46:620][698]LogModuleManager: Shutting down and abandoning module CryptoKeys (316)
[2018.06.13-17.18.46:620][698]LogModuleManager: Shutting down and abandoning module VisualStudioSourceCodeAccess (314)
[2018.06.13-17.18.46:620][698]LogModuleManager: Shutting down and abandoning module VisualStudioCodeSourceCodeAccess (312)
[2018.06.13-17.18.46:620][698]LogModuleManager: Shutting down and abandoning module UObjectPlugin (310)
[2018.06.13-17.18.46:620][698]LogModuleManager: Shutting down and abandoning module SubversionSourceControl (308)
[2018.06.13-17.18.46:620][698]LogModuleManager: Shutting down and abandoning module PerforceSourceControl (306)
[2018.06.13-17.18.46:620][698]LogModuleManager: Shutting down and abandoning module GitSourceControl (304)
[2018.06.13-17.18.46:620][698]LogModuleManager: Shutting down and abandoning module SourceControl (303)
[2018.06.13-17.18.46:621][698]LogModuleManager: Shutting down and abandoning module CLionSourceCodeAccess (300)
[2018.06.13-17.18.46:621][698]LogModuleManager: Shutting down and abandoning module LightPropagationVolumeEditor (298)
[2018.06.13-17.18.46:621][698]LogModuleManager: Shutting down and abandoning module PaperTiledImporter (296)
[2018.06.13-17.18.46:621][698]LogModuleManager: Shutting down and abandoning module PaperSpriteSheetImporter (294)
[2018.06.13-17.18.46:621][698]LogModuleManager: Shutting down and abandoning module Paper2DEditor (292)
[2018.06.13-17.18.46:621][698]LogModuleManager: Shutting down and abandoning module MeshPaint (291)
[2018.06.13-17.18.46:621][698]LogModuleManager: Shutting down and abandoning module RuntimePhysXCooking (288)
[2018.06.13-17.18.46:621][698]LogModuleManager: Shutting down and abandoning module PhysXVehiclesEditor (286)
[2018.06.13-17.18.46:621][698]LogModuleManager: Shutting down and abandoning module PhysXVehicles (284)
[2018.06.13-17.18.46:621][698]LogModuleManager: Shutting down and abandoning module OculusEditor (282)
[2018.06.13-17.18.46:621][698]LogModuleManager: Shutting down and abandoning module LocationServicesBPLibrary (280)
[2018.06.13-17.18.46:621][698]LogModuleManager: Shutting down and abandoning module ImmediatePhysicsEditor (278)
[2018.06.13-17.18.46:621][698]LogModuleManager: Shutting down and abandoning module ImmediatePhysics (276)
[2018.06.13-17.18.46:621][698]LogModuleManager: Shutting down and abandoning module ActorSequence (274)
[2018.06.13-17.18.46:621][698]LogModuleManager: Shutting down and abandoning module UdpMessaging (272)
[2018.06.13-17.18.46:722][698]LogModuleManager: Shutting down and abandoning module TcpMessaging (270)
[2018.06.13-17.18.47:045][698]LogModuleManager: Shutting down and abandoning module GameplayTagsEditor (268)
[2018.06.13-17.18.47:045][698]LogModuleManager: Shutting down and abandoning module FacialAnimationEditor (266)
[2018.06.13-17.18.47:045][698]LogModuleManager: Shutting down and abandoning module FacialAnimation (264)
[2018.06.13-17.18.47:045][698]LogModuleManager: Shutting down and abandoning module DataValidation (262)
[2018.06.13-17.18.47:045][698]LogModuleManager: Shutting down and abandoning module AssetManagerEditor (260)
[2018.06.13-17.18.47:045][698]LogModuleManager: Shutting down and abandoning module LevelEditor (259)
[2018.06.13-17.18.47:046][698]LogModuleManager: Shutting down and abandoning module PixelInspectorModule (258)
[2018.06.13-17.18.47:046][698]LogModuleManager: Shutting down and abandoning module CommonMenuExtensions (256)
[2018.06.13-17.18.47:046][698]LogModuleManager: Shutting down and abandoning module MainFrame (254)
[2018.06.13-17.18.47:046][698]LogModuleManager: Shutting down and abandoning module HotReload (253)
[2018.06.13-17.18.47:046][698]LogModuleManager: Shutting down and abandoning module ContentBrowser (249)
[2018.06.13-17.18.47:047][698]LogModuleManager: Shutting down and abandoning module TreeMap (247)
[2018.06.13-17.18.47:047][698]LogModuleManager: Shutting down and abandoning module LightPropagationVolumeRuntime (244)
[2018.06.13-17.18.47:047][698]LogModuleManager: Shutting down and abandoning module LiveLinkEditor (242)
[2018.06.13-17.18.47:047][698]LogModuleManager: Shutting down and abandoning module LiveLink (240)
[2018.06.13-17.18.47:837][698]LogModuleManager: Shutting down and abandoning module Paper2D (238)
[2018.06.13-17.18.47:837][698]LogModuleManager: Shutting down and abandoning module WindowsMoviePlayer (236)
[2018.06.13-17.18.47:837][698]LogModuleManager: Shutting down and abandoning module WmfMedia (234)
[2018.06.13-17.18.47:838][698]LogModuleManager: Shutting down and abandoning module Media (233)
[2018.06.13-17.18.47:844][698]LogModuleManager: Shutting down and abandoning module PacketHandler (230)
[2018.06.13-17.18.47:844][698]LogModuleManager: Shutting down and abandoning module ClothingSystemEditor (228)
[2018.06.13-17.18.47:844][698]LogModuleManager: Shutting down and abandoning module ClothingSystemRuntime (226)
[2018.06.13-17.18.47:844][698]LogModuleManager: Shutting down and abandoning module MediaAssets (224)
[2018.06.13-17.18.47:844][698]LogModuleManager: Shutting down and abandoning module Overlay (222)
[2018.06.13-17.18.47:844][698]LogModuleManager: Shutting down and abandoning module OverlayEditor (221)
[2018.06.13-17.18.47:844][698]LogModuleManager: Shutting down and abandoning module VREditor (218)
[2018.06.13-17.18.47:844][698]LogModuleManager: Shutting down and abandoning module StringTableEditor (216)
[2018.06.13-17.18.47:844][698]LogModuleManager: Shutting down and abandoning module GameplayTasksEditor (214)
[2018.06.13-17.18.47:844][698]LogModuleManager: Shutting down and abandoning module BehaviorTreeEditor (212)
[2018.06.13-17.18.47:844][698]LogModuleManager: Shutting down and abandoning module FunctionalTesting (210)
[2018.06.13-17.18.47:844][698]LogModuleManager: Shutting down and abandoning module CollisionAnalyzer (208)
[2018.06.13-17.18.47:844][698]LogModuleManager: Shutting down and abandoning module WorkspaceMenuStructure (207)
[2018.06.13-17.18.47:844][698]LogModuleManager: Shutting down and abandoning module UMG (204)
[2018.06.13-17.18.47:844][698]LogModuleManager: Shutting down and abandoning module UMGEditor (203)
[2018.06.13-17.18.47:844][698]LogModuleManager: Shutting down and abandoning module Sequencer (202)
[2018.06.13-17.18.47:844][698]LogModuleManager: Shutting down and abandoning module MessageLog (199)
[2018.06.13-17.18.47:844][698]LogModuleManager: Shutting down and abandoning module SlateReflector (194)
[2018.06.13-17.18.47:844][698]LogModuleManager: Shutting down and abandoning module Slate (192)
[2018.06.13-17.18.47:844][698]LogModuleManager: Shutting down and abandoning module EditorStyle (190)
[2018.06.13-17.18.47:845][698]LogModuleManager: Shutting down and abandoning module MRMesh (188)
[2018.06.13-17.18.47:846][698]LogModuleManager: Shutting down and abandoning module SourceCodeAccess (186)
[2018.06.13-17.18.47:846][698]LogModuleManager: Shutting down and abandoning module HeadMountedDisplay (184)
[2018.06.13-17.18.47:846][698]LogModuleManager: Shutting down and abandoning module XAudio2 (182)
[2018.06.13-17.18.47:846][698]LogModuleManager: Shutting down and abandoning module Networking (180)
[2018.06.13-17.18.47:846][698]LogModuleManager: Shutting down and abandoning module Core (178)
[2018.06.13-17.18.47:846][698]LogModuleManager: Shutting down and abandoning module LevelSequence (176)
[2018.06.13-17.18.47:846][698]LogModuleManager: Shutting down and abandoning module KismetCompiler (174)
[2018.06.13-17.18.47:846][698]LogModuleManager: Shutting down and abandoning module MeshUtilities (172)
[2018.06.13-17.18.47:846][698]LogModuleManager: Shutting down and abandoning module MeshMergeUtilities (171)
[2018.06.13-17.18.47:846][698]LogModuleManager: Shutting down and abandoning module MeshReductionInterface (170)
[2018.06.13-17.18.47:846][698]LogModuleManager: Shutting down and abandoning module SimplygonSwarm (169)
[2018.06.13-17.18.47:846][698]LogModuleManager: Shutting down and abandoning module SimplygonMeshReduction (167)
[2018.06.13-17.18.47:846][698]LogModuleManager: Shutting down and abandoning module QuadricMeshReduction (165)
[2018.06.13-17.18.47:846][698]LogModuleManager: Shutting down and abandoning module MaterialBaking (161)
[2018.06.13-17.18.47:846][698]LogModuleManager: Shutting down and abandoning module DirectoryWatcher (157)
[2018.06.13-17.18.47:846][698]LogModuleManager: Shutting down and abandoning module DerivedDataCache (154)
[2018.06.13-17.18.47:919][698]LogDerivedDataCache: Shutdown
[2018.06.13-17.18.47:919][698]LogModuleManager: Shutting down and abandoning module XGEController (152)
[2018.06.13-17.18.47:919][698]LogXGEController: Cleaning working directory: C:/Users/deads/AppData/Local/Temp/UnrealXGEWorkingDir/
[2018.06.13-17.18.47:919][698]LogModuleManager: Shutting down and abandoning module TargetPlatform (150)
[2018.06.13-17.18.47:919][698]LogModuleManager: Shutting down and abandoning module VulkanShaderFormat (149)
[2018.06.13-17.18.47:919][698]LogModuleManager: Shutting down and abandoning module ShaderFormatVectorVM (147)
[2018.06.13-17.18.47:919][698]LogModuleManager: Shutting down and abandoning module ShaderFormatOpenGL (145)
[2018.06.13-17.18.47:919][698]LogModuleManager: Shutting down and abandoning module ShaderFormatD3D (143)
[2018.06.13-17.18.47:919][698]LogModuleManager: Shutting down and abandoning module MetalShaderFormat (141)
[2018.06.13-17.18.47:919][698]LogModuleManager: Shutting down and abandoning module TextureFormatUncompressed (139)
[2018.06.13-17.18.47:919][698]LogModuleManager: Shutting down and abandoning module TextureFormatPVR (137)
[2018.06.13-17.18.47:919][698]LogModuleManager: Shutting down and abandoning module TextureFormatDXT (135)
[2018.06.13-17.18.47:919][698]LogModuleManager: Shutting down and abandoning module TextureFormatIntelISPCTexComp (133)
[2018.06.13-17.18.47:919][698]LogModuleManager: Shutting down and abandoning module TextureFormatASTC (131)
[2018.06.13-17.18.47:920][698]LogModuleManager: Shutting down and abandoning module ImageWrapper (130)
[2018.06.13-17.18.47:920][698]LogModuleManager: Shutting down and abandoning module TextureFormatAndroid (127)
[2018.06.13-17.18.47:920][698]LogModuleManager: Shutting down and abandoning module AudioFormatOpus (125)
[2018.06.13-17.18.47:920][698]LogModuleManager: Shutting down and abandoning module AudioFormatOgg (123)
[2018.06.13-17.18.47:920][698]LogModuleManager: Shutting down and abandoning module AudioFormatADPCM (121)
[2018.06.13-17.18.47:920][698]LogModuleManager: Shutting down and abandoning module LinuxTargetPlatform (119)
[2018.06.13-17.18.47:920][698]LogModuleManager: Shutting down and abandoning module LinuxServerTargetPlatform (117)
[2018.06.13-17.18.47:920][698]LogModuleManager: Shutting down and abandoning module LinuxNoEditorTargetPlatform (115)
[2018.06.13-17.18.47:920][698]LogModuleManager: Shutting down and abandoning module LinuxClientTargetPlatform (113)
[2018.06.13-17.18.47:920][698]LogModuleManager: Shutting down and abandoning module TVOSTargetPlatform (111)
[2018.06.13-17.18.47:920][698]LogModuleManager: Shutting down and abandoning module Messaging (109)
[2018.06.13-17.18.47:920][698]LogModuleManager: Shutting down and abandoning module IOSTargetPlatform (107)
[2018.06.13-17.18.47:920][698]LogModuleManager: Shutting down and abandoning module HTML5TargetPlatform (105)
[2018.06.13-17.18.47:920][698]LogModuleManager: Shutting down and abandoning module AndroidTargetPlatform (103)
[2018.06.13-17.18.47:920][698]LogModuleManager: Shutting down and abandoning module Android_PVRTCTargetPlatform (101)
[2018.06.13-17.18.47:920][698]LogModuleManager: Shutting down and abandoning module Android_MultiTargetPlatform (99)
[2018.06.13-17.18.47:920][698]LogModuleManager: Shutting down and abandoning module Android_ETC2TargetPlatform (97)
[2018.06.13-17.18.47:920][698]LogModuleManager: Shutting down and abandoning module Android_ETC1TargetPlatform (95)
[2018.06.13-17.18.47:920][698]LogModuleManager: Shutting down and abandoning module Android_ETC1aTargetPlatform (93)
[2018.06.13-17.18.47:920][698]LogModuleManager: Shutting down and abandoning module Android_DXTTargetPlatform (91)
[2018.06.13-17.18.47:920][698]LogModuleManager: Shutting down and abandoning module Android_ATCTargetPlatform (89)
[2018.06.13-17.18.47:920][698]LogModuleManager: Shutting down and abandoning module Android_ASTCTargetPlatform (87)
[2018.06.13-17.18.47:920][698]LogModuleManager: Shutting down and abandoning module WindowsTargetPlatform (85)
[2018.06.13-17.18.47:920][698]LogModuleManager: Shutting down and abandoning module WindowsServerTargetPlatform (83)
[2018.06.13-17.18.47:920][698]LogModuleManager: Shutting down and abandoning module WindowsNoEditorTargetPlatform (81)
[2018.06.13-17.18.47:920][698]LogModuleManager: Shutting down and abandoning module WindowsClientTargetPlatform (79)
[2018.06.13-17.18.47:920][698]LogModuleManager: Shutting down and abandoning module MacTargetPlatform (77)
[2018.06.13-17.18.47:920][698]LogModuleManager: Shutting down and abandoning module MacServerTargetPlatform (75)
[2018.06.13-17.18.47:920][698]LogModuleManager: Shutting down and abandoning module MacNoEditorTargetPlatform (73)
[2018.06.13-17.18.47:920][698]LogModuleManager: Shutting down and abandoning module MacClientTargetPlatform (71)
[2018.06.13-17.18.47:920][698]LogModuleManager: Shutting down and abandoning module AllDesktopTargetPlatform (69)
[2018.06.13-17.18.47:920][698]LogModuleManager: Shutting down and abandoning module InputCore (66)
[2018.06.13-17.18.47:920][698]LogModuleManager: Shutting down and abandoning module Settings (64)
[2018.06.13-17.18.47:920][698]LogModuleManager: Shutting down and abandoning module PhysXCooking (62)
[2018.06.13-17.18.47:920][698]LogModuleManager: Shutting down and abandoning module SteamVR (60)
[2018.06.13-17.18.47:920][698]LogModuleManager: Shutting down and abandoning module OculusHMD (58)
[2018.06.13-17.18.47:920][698]LogModuleManager: Shutting down and abandoning module ExampleDeviceProfileSelector (56)
[2018.06.13-17.18.47:920][698]LogModuleManager: Shutting down and abandoning module AppleARKit (54)
[2018.06.13-17.18.47:920][698]LogModuleManager: Shutting down and abandoning module AugmentedReality (51)
[2018.06.13-17.18.47:920][698]LogModuleManager: Shutting down and abandoning module OnlineBlueprintSupport (48)
[2018.06.13-17.18.47:920][698]LogModuleManager: Shutting down and abandoning module OnlineSubsystem (44)
[2018.06.13-17.18.47:920][698]LogModuleManager: Shutting down and abandoning module XMPP (43)
[2018.06.13-17.18.47:920][698]LogModuleManager: Shutting down and abandoning module HTTP (41)
[2018.06.13-17.18.47:920][698]LogHttp: Display: Http module shutting down, but needs to wait on 1 outstanding Http requests:
[2018.06.13-17.18.47:920][698]LogHttp: Display: 	verb=[POST] url=[https://datarouter.ol.epicgames.com/datarouter/api/v1/public/data?SessionID=%7BF15EA420-4CE1-03F4-D3F2-A3A370D44808%7D&AppID=UEEditor.Rocket.Release&AppVersion=4.19.2-4033788%2B%2B%2BUE4%2BRelease-4.19&UserID=26e239764942b8253efb598faead0cf3%7C35345dd896274d1f949167e346e13bb9%7Cf8397753-14bd-4e35-8191-9c9582cb0b68&AppEnvironment=datacollector-binary&UploadType=eteventstream] status=Processing
[2018.06.13-17.18.47:941][698]LogModuleManager: Shutting down and abandoning module SSL (40)
[2018.06.13-17.18.47:942][698]LogModuleManager: Shutting down and abandoning module AnimationModifiers (36)
[2018.06.13-17.18.47:942][698]LogModuleManager: Shutting down and abandoning module PropertyEditor (35)
[2018.06.13-17.18.47:942][698]LogModuleManager: Shutting down and abandoning module AudioEditor (32)
[2018.06.13-17.18.47:942][698]LogModuleManager: Shutting down and abandoning module TextureCompressor (30)
[2018.06.13-17.18.47:942][698]LogModuleManager: Shutting down and abandoning module ShaderCore (28)
[2018.06.13-17.18.47:942][698]LogModuleManager: Shutting down and abandoning module Landscape (26)
[2018.06.13-17.18.47:942][698]LogModuleManager: Shutting down and abandoning module SlateRHIRenderer (24)
[2018.06.13-17.18.47:942][698]LogModuleManager: Shutting down and abandoning module OpenGLDrv (22)
[2018.06.13-17.18.47:942][698]LogModuleManager: Shutting down and abandoning module D3D11RHI (20)
[2018.06.13-17.18.47:942][698]LogModuleManager: Shutting down and abandoning module AnimGraphRuntime (18)
[2018.06.13-17.18.47:942][698]LogModuleManager: Shutting down and abandoning module Renderer (16)
[2018.06.13-17.18.47:942][698]LogModuleManager: Shutting down and abandoning module Engine (14)
[2018.06.13-17.18.47:942][698]LogModuleManager: Shutting down and abandoning module CoreUObject (12)
[2018.06.13-17.18.47:942][698]LogModuleManager: Shutting down and abandoning module NetworkFile (10)
[2018.06.13-17.18.47:942][698]LogModuleManager: Shutting down and abandoning module CookedIterativeFile (8)
[2018.06.13-17.18.47:942][698]LogModuleManager: Shutting down and abandoning module StreamingFile (6)
[2018.06.13-17.18.47:942][698]LogModuleManager: Shutting down and abandoning module SandboxFile (4)
[2018.06.13-17.18.47:942][698]LogModuleManager: Shutting down and abandoning module PakFile (2)
[2018.06.13-17.18.47:950][698]LogExit: Exiting.
[2018.06.13-17.18.47:968][698]Log file closed, 06/13/18 19:18:47
